01-25 00:15 nessai INFO    : Running Nessai version 0.14.0.post0
01-25 00:16 nessai INFO    : Starting multiprocessing pool with 4 processes
01-25 00:16 nessai WARNING : Using spawn start method for multiprocessing. This may lead to high memory usage or errors. Consider using the `fork` start method. See the multiprocessing documentation for more details.
01-25 00:16 nessai INFO    : Initialising nested sampler
01-25 00:17 nessai WARNING : Multiprocessing pool has already been configured.
01-25 00:17 nessai WARNING : Removing unused keyword arguments ({'enforce_likelihood_threshold', 'step_type', 'generate_augment', 'n_accept', 'plot_chain', 'n_marg', 'ensemble_fraction', 'augment_dims', 'step_kwargs', 'n_steps', 'plot_history', 'marginalise_augment', 'max_n_clusters'}) from kwargs for FlowProposal. These are valid keyword arguments but correspond to other proposal classes.
01-25 00:17 nessai INFO    : Passing kwargs to FlowProposal: {'training_config': None, 'poolsize': 1000, 'check_acceptance': False, 'max_poolsize_scale': 10, 'update_poolsize': True, 'accumulate_weights': False, 'save_training_data': False, 'reparameterisations': None, 'fallback_reparameterisation': 'zscore', 'use_default_reparameterisations': None, 'reverse_reparameterisations': False, 'map_to_unit_hypercube': False, 'latent_prior': 'truncated_gaussian', 'constant_volume_mode': True, 'volume_fraction': 0.95, 'fuzz': 1.0, 'fixed_radius': False, 'drawsize': None, 'truncate_log_q': False, 'expansion_fraction': 4.0, 'min_radius': False, 'max_radius': 50.0, 'compute_radius_with_all': False}
01-25 00:17 nessai WARNING : Signal handling is disabled. nessai will not automatically checkpoint when exited.
01-25 00:17 nessai INFO    : No reparameterisations provided, using default reparameterisations included in FlowProposal
01-25 00:17 nessai INFO    : Adding reparameterisations from: {}
01-25 00:17 nessai INFO    : Assuming fallback reparameterisation (ScaleAndShift) for ['H0', 'Om0', 'gamma', 'kappa', 'zp'] with kwargs: {'estimate_scale': True, 'estimate_shift': True, 'prior_bounds': {'H0': array([ 10., 240.]), 'Om0': array([0.1, 0.9]), 'gamma': array([ 0., 12.]), 'kappa': array([ 0., 12.]), 'zp': array([0., 4.])}}.
01-25 00:17 nessai INFO    : x space parameters: ['H0', 'Om0', 'gamma', 'kappa', 'zp']
01-25 00:17 nessai INFO    : x prime space parameters: ['H0_prime', 'Om0_prime', 'gamma_prime', 'kappa_prime', 'zp_prime']
01-25 00:17 nessai INFO    : Overwriting fuzz factor with expansion fraction
01-25 00:17 nessai INFO    : New fuzz factor: 1.379729661461215
01-25 00:17 nessai INFO    : Verifying rescaling functions
01-25 00:17 nessai INFO    : Rescaling functions are invertible
01-25 00:17 nessai INFO    : Populating initial live points
01-25 00:35 nessai INFO    : Populated 100 / 1000 live points
01-25 00:35 nessai INFO    : Populated 200 / 1000 live points
01-25 00:35 nessai INFO    : Populated 300 / 1000 live points
01-25 00:35 nessai INFO    : Populated 400 / 1000 live points
01-25 00:35 nessai INFO    : Populated 500 / 1000 live points
01-25 00:35 nessai INFO    : Populated 600 / 1000 live points
01-25 00:35 nessai INFO    : Populated 700 / 1000 live points
01-25 00:35 nessai INFO    : Populated 800 / 1000 live points
01-25 00:35 nessai INFO    : Populated 900 / 1000 live points
01-25 00:35 nessai INFO    : Populated 1000 / 1000 live points
01-25 00:35 nessai INFO    : Starting nested sampling loop
01-25 00:54 nessai INFO    : Checkpointing nested sampling
01-25 00:54 nessai INFO    : it:     1: n eval: 2000 H: 0.00 dlogZ: 179769313486231570814527423731704356798070567525844996598917476803157260780028538760589558632766878171540458953514382464234321326889464182768467546703537516986049910576551282076245490090389328944075868508455133942304583236903222948165808559332123348274797826204144723168738177180919299881250404026184124858368.000 logZ: -179769313486231570814527423731704356798070567525844996598917476803157260780028538760589558632766878171540458953514382464234321326889464182768467546703537516986049910576551282076245490090389328944075868508455133942304583236903222948165808559332123348274797826204144723168738177180919299881250404026184124858368.000 +/- 0.000 logLmax: -26336.22
01-25 00:54 nessai WARNING : NS integrator received non-monotonic logL.-179769313486231570814527423731704356798070567525844996598917476803157260780028538760589558632766878171540458953514382464234321326889464182768467546703537516986049910576551282076245490090389328944075868508455133942304583236903222948165808559332123348274797826204144723168738177180919299881250404026184124858368.00000 -> -179769313486231570814527423731704356798070567525844996598917476803157260780028538760589558632766878171540458953514382464234321326889464182768467546703537516986049910576551282076245490090389328944075868508455133942304583236903222948165808559332123348274797826204144723168738177180919299881250404026184124858368.00000
01-25 00:54 nessai WARNING : NS integrator received non-monotonic logL.-179769313486231570814527423731704356798070567525844996598917476803157260780028538760589558632766878171540458953514382464234321326889464182768467546703537516986049910576551282076245490090389328944075868508455133942304583236903222948165808559332123348274797826204144723168738177180919299881250404026184124858368.00000 -> -179769313486231570814527423731704356798070567525844996598917476803157260780028538760589558632766878171540458953514382464234321326889464182768467546703537516986049910576551282076245490090389328944075868508455133942304583236903222948165808559332123348274797826204144723168738177180919299881250404026184124858368.00000
01-25 00:54 nessai WARNING : NS integrator received non-monotonic logL.-179769313486231570814527423731704356798070567525844996598917476803157260780028538760589558632766878171540458953514382464234321326889464182768467546703537516986049910576551282076245490090389328944075868508455133942304583236903222948165808559332123348274797826204144723168738177180919299881250404026184124858368.00000 -> -179769313486231570814527423731704356798070567525844996598917476803157260780028538760589558632766878171540458953514382464234321326889464182768467546703537516986049910576551282076245490090389328944075868508455133942304583236903222948165808559332123348274797826204144723168738177180919299881250404026184124858368.00000
01-25 00:54 nessai WARNING : NS integrator received non-monotonic logL.-179769313486231570814527423731704356798070567525844996598917476803157260780028538760589558632766878171540458953514382464234321326889464182768467546703537516986049910576551282076245490090389328944075868508455133942304583236903222948165808559332123348274797826204144723168738177180919299881250404026184124858368.00000 -> -179769313486231570814527423731704356798070567525844996598917476803157260780028538760589558632766878171540458953514382464234321326889464182768467546703537516986049910576551282076245490090389328944075868508455133942304583236903222948165808559332123348274797826204144723168738177180919299881250404026184124858368.00000
01-25 00:54 nessai WARNING : NS integrator received non-monotonic logL.-179769313486231570814527423731704356798070567525844996598917476803157260780028538760589558632766878171540458953514382464234321326889464182768467546703537516986049910576551282076245490090389328944075868508455133942304583236903222948165808559332123348274797826204144723168738177180919299881250404026184124858368.00000 -> -179769313486231570814527423731704356798070567525844996598917476803157260780028538760589558632766878171540458953514382464234321326889464182768467546703537516986049910576551282076245490090389328944075868508455133942304583236903222948165808559332123348274797826204144723168738177180919299881250404026184124858368.00000
01-25 00:54 nessai WARNING : NS integrator received non-monotonic logL.-179769313486231570814527423731704356798070567525844996598917476803157260780028538760589558632766878171540458953514382464234321326889464182768467546703537516986049910576551282076245490090389328944075868508455133942304583236903222948165808559332123348274797826204144723168738177180919299881250404026184124858368.00000 -> -179769313486231570814527423731704356798070567525844996598917476803157260780028538760589558632766878171540458953514382464234321326889464182768467546703537516986049910576551282076245490090389328944075868508455133942304583236903222948165808559332123348274797826204144723168738177180919299881250404026184124858368.00000
01-25 00:54 nessai WARNING : NS integrator received non-monotonic logL.-179769313486231570814527423731704356798070567525844996598917476803157260780028538760589558632766878171540458953514382464234321326889464182768467546703537516986049910576551282076245490090389328944075868508455133942304583236903222948165808559332123348274797826204144723168738177180919299881250404026184124858368.00000 -> -179769313486231570814527423731704356798070567525844996598917476803157260780028538760589558632766878171540458953514382464234321326889464182768467546703537516986049910576551282076245490090389328944075868508455133942304583236903222948165808559332123348274797826204144723168738177180919299881250404026184124858368.00000
01-25 00:54 nessai WARNING : NS integrator received non-monotonic logL.-179769313486231570814527423731704356798070567525844996598917476803157260780028538760589558632766878171540458953514382464234321326889464182768467546703537516986049910576551282076245490090389328944075868508455133942304583236903222948165808559332123348274797826204144723168738177180919299881250404026184124858368.00000 -> -179769313486231570814527423731704356798070567525844996598917476803157260780028538760589558632766878171540458953514382464234321326889464182768467546703537516986049910576551282076245490090389328944075868508455133942304583236903222948165808559332123348274797826204144723168738177180919299881250404026184124858368.00000
01-25 00:54 nessai WARNING : NS integrator received non-monotonic logL.-179769313486231570814527423731704356798070567525844996598917476803157260780028538760589558632766878171540458953514382464234321326889464182768467546703537516986049910576551282076245490090389328944075868508455133942304583236903222948165808559332123348274797826204144723168738177180919299881250404026184124858368.00000 -> -179769313486231570814527423731704356798070567525844996598917476803157260780028538760589558632766878171540458953514382464234321326889464182768467546703537516986049910576551282076245490090389328944075868508455133942304583236903222948165808559332123348274797826204144723168738177180919299881250404026184124858368.00000
01-25 00:54 nessai WARNING : NS integrator received non-monotonic logL.-179769313486231570814527423731704356798070567525844996598917476803157260780028538760589558632766878171540458953514382464234321326889464182768467546703537516986049910576551282076245490090389328944075868508455133942304583236903222948165808559332123348274797826204144723168738177180919299881250404026184124858368.00000 -> -179769313486231570814527423731704356798070567525844996598917476803157260780028538760589558632766878171540458953514382464234321326889464182768467546703537516986049910576551282076245490090389328944075868508455133942304583236903222948165808559332123348274797826204144723168738177180919299881250404026184124858368.00000
01-25 00:54 nessai WARNING : NS integrator received non-monotonic logL.-179769313486231570814527423731704356798070567525844996598917476803157260780028538760589558632766878171540458953514382464234321326889464182768467546703537516986049910576551282076245490090389328944075868508455133942304583236903222948165808559332123348274797826204144723168738177180919299881250404026184124858368.00000 -> -179769313486231570814527423731704356798070567525844996598917476803157260780028538760589558632766878171540458953514382464234321326889464182768467546703537516986049910576551282076245490090389328944075868508455133942304583236903222948165808559332123348274797826204144723168738177180919299881250404026184124858368.00000
01-25 00:54 nessai WARNING : NS integrator received non-monotonic logL.-179769313486231570814527423731704356798070567525844996598917476803157260780028538760589558632766878171540458953514382464234321326889464182768467546703537516986049910576551282076245490090389328944075868508455133942304583236903222948165808559332123348274797826204144723168738177180919299881250404026184124858368.00000 -> -179769313486231570814527423731704356798070567525844996598917476803157260780028538760589558632766878171540458953514382464234321326889464182768467546703537516986049910576551282076245490090389328944075868508455133942304583236903222948165808559332123348274797826204144723168738177180919299881250404026184124858368.00000
01-25 00:54 nessai WARNING : NS integrator received non-monotonic logL.-179769313486231570814527423731704356798070567525844996598917476803157260780028538760589558632766878171540458953514382464234321326889464182768467546703537516986049910576551282076245490090389328944075868508455133942304583236903222948165808559332123348274797826204144723168738177180919299881250404026184124858368.00000 -> -179769313486231570814527423731704356798070567525844996598917476803157260780028538760589558632766878171540458953514382464234321326889464182768467546703537516986049910576551282076245490090389328944075868508455133942304583236903222948165808559332123348274797826204144723168738177180919299881250404026184124858368.00000
01-25 00:54 nessai WARNING : NS integrator received non-monotonic logL.-179769313486231570814527423731704356798070567525844996598917476803157260780028538760589558632766878171540458953514382464234321326889464182768467546703537516986049910576551282076245490090389328944075868508455133942304583236903222948165808559332123348274797826204144723168738177180919299881250404026184124858368.00000 -> -179769313486231570814527423731704356798070567525844996598917476803157260780028538760589558632766878171540458953514382464234321326889464182768467546703537516986049910576551282076245490090389328944075868508455133942304583236903222948165808559332123348274797826204144723168738177180919299881250404026184124858368.00000
01-25 00:54 nessai WARNING : NS integrator received non-monotonic logL.-179769313486231570814527423731704356798070567525844996598917476803157260780028538760589558632766878171540458953514382464234321326889464182768467546703537516986049910576551282076245490090389328944075868508455133942304583236903222948165808559332123348274797826204144723168738177180919299881250404026184124858368.00000 -> -179769313486231570814527423731704356798070567525844996598917476803157260780028538760589558632766878171540458953514382464234321326889464182768467546703537516986049910576551282076245490090389328944075868508455133942304583236903222948165808559332123348274797826204144723168738177180919299881250404026184124858368.00000
01-25 00:54 nessai WARNING : NS integrator received non-monotonic logL.-179769313486231570814527423731704356798070567525844996598917476803157260780028538760589558632766878171540458953514382464234321326889464182768467546703537516986049910576551282076245490090389328944075868508455133942304583236903222948165808559332123348274797826204144723168738177180919299881250404026184124858368.00000 -> -179769313486231570814527423731704356798070567525844996598917476803157260780028538760589558632766878171540458953514382464234321326889464182768467546703537516986049910576551282076245490090389328944075868508455133942304583236903222948165808559332123348274797826204144723168738177180919299881250404026184124858368.00000
01-25 00:54 nessai WARNING : NS integrator received non-monotonic logL.-179769313486231570814527423731704356798070567525844996598917476803157260780028538760589558632766878171540458953514382464234321326889464182768467546703537516986049910576551282076245490090389328944075868508455133942304583236903222948165808559332123348274797826204144723168738177180919299881250404026184124858368.00000 -> -179769313486231570814527423731704356798070567525844996598917476803157260780028538760589558632766878171540458953514382464234321326889464182768467546703537516986049910576551282076245490090389328944075868508455133942304583236903222948165808559332123348274797826204144723168738177180919299881250404026184124858368.00000
01-25 00:54 nessai WARNING : NS integrator received non-monotonic logL.-179769313486231570814527423731704356798070567525844996598917476803157260780028538760589558632766878171540458953514382464234321326889464182768467546703537516986049910576551282076245490090389328944075868508455133942304583236903222948165808559332123348274797826204144723168738177180919299881250404026184124858368.00000 -> -179769313486231570814527423731704356798070567525844996598917476803157260780028538760589558632766878171540458953514382464234321326889464182768467546703537516986049910576551282076245490090389328944075868508455133942304583236903222948165808559332123348274797826204144723168738177180919299881250404026184124858368.00000
01-25 00:54 nessai WARNING : NS integrator received non-monotonic logL.-179769313486231570814527423731704356798070567525844996598917476803157260780028538760589558632766878171540458953514382464234321326889464182768467546703537516986049910576551282076245490090389328944075868508455133942304583236903222948165808559332123348274797826204144723168738177180919299881250404026184124858368.00000 -> -179769313486231570814527423731704356798070567525844996598917476803157260780028538760589558632766878171540458953514382464234321326889464182768467546703537516986049910576551282076245490090389328944075868508455133942304583236903222948165808559332123348274797826204144723168738177180919299881250404026184124858368.00000
01-25 00:54 nessai WARNING : NS integrator received non-monotonic logL.-179769313486231570814527423731704356798070567525844996598917476803157260780028538760589558632766878171540458953514382464234321326889464182768467546703537516986049910576551282076245490090389328944075868508455133942304583236903222948165808559332123348274797826204144723168738177180919299881250404026184124858368.00000 -> -179769313486231570814527423731704356798070567525844996598917476803157260780028538760589558632766878171540458953514382464234321326889464182768467546703537516986049910576551282076245490090389328944075868508455133942304583236903222948165808559332123348274797826204144723168738177180919299881250404026184124858368.00000
01-25 00:54 nessai WARNING : NS integrator received non-monotonic logL.-179769313486231570814527423731704356798070567525844996598917476803157260780028538760589558632766878171540458953514382464234321326889464182768467546703537516986049910576551282076245490090389328944075868508455133942304583236903222948165808559332123348274797826204144723168738177180919299881250404026184124858368.00000 -> -179769313486231570814527423731704356798070567525844996598917476803157260780028538760589558632766878171540458953514382464234321326889464182768467546703537516986049910576551282076245490090389328944075868508455133942304583236903222948165808559332123348274797826204144723168738177180919299881250404026184124858368.00000
01-25 00:54 nessai WARNING : NS integrator received non-monotonic logL.-179769313486231570814527423731704356798070567525844996598917476803157260780028538760589558632766878171540458953514382464234321326889464182768467546703537516986049910576551282076245490090389328944075868508455133942304583236903222948165808559332123348274797826204144723168738177180919299881250404026184124858368.00000 -> -179769313486231570814527423731704356798070567525844996598917476803157260780028538760589558632766878171540458953514382464234321326889464182768467546703537516986049910576551282076245490090389328944075868508455133942304583236903222948165808559332123348274797826204144723168738177180919299881250404026184124858368.00000
01-25 00:54 nessai WARNING : NS integrator received non-monotonic logL.-179769313486231570814527423731704356798070567525844996598917476803157260780028538760589558632766878171540458953514382464234321326889464182768467546703537516986049910576551282076245490090389328944075868508455133942304583236903222948165808559332123348274797826204144723168738177180919299881250404026184124858368.00000 -> -179769313486231570814527423731704356798070567525844996598917476803157260780028538760589558632766878171540458953514382464234321326889464182768467546703537516986049910576551282076245490090389328944075868508455133942304583236903222948165808559332123348274797826204144723168738177180919299881250404026184124858368.00000
01-25 00:54 nessai WARNING : NS integrator received non-monotonic logL.-179769313486231570814527423731704356798070567525844996598917476803157260780028538760589558632766878171540458953514382464234321326889464182768467546703537516986049910576551282076245490090389328944075868508455133942304583236903222948165808559332123348274797826204144723168738177180919299881250404026184124858368.00000 -> -179769313486231570814527423731704356798070567525844996598917476803157260780028538760589558632766878171540458953514382464234321326889464182768467546703537516986049910576551282076245490090389328944075868508455133942304583236903222948165808559332123348274797826204144723168738177180919299881250404026184124858368.00000
01-25 00:54 nessai WARNING : NS integrator received non-monotonic logL.-179769313486231570814527423731704356798070567525844996598917476803157260780028538760589558632766878171540458953514382464234321326889464182768467546703537516986049910576551282076245490090389328944075868508455133942304583236903222948165808559332123348274797826204144723168738177180919299881250404026184124858368.00000 -> -179769313486231570814527423731704356798070567525844996598917476803157260780028538760589558632766878171540458953514382464234321326889464182768467546703537516986049910576551282076245490090389328944075868508455133942304583236903222948165808559332123348274797826204144723168738177180919299881250404026184124858368.00000
01-25 00:54 nessai WARNING : NS integrator received non-monotonic logL.-179769313486231570814527423731704356798070567525844996598917476803157260780028538760589558632766878171540458953514382464234321326889464182768467546703537516986049910576551282076245490090389328944075868508455133942304583236903222948165808559332123348274797826204144723168738177180919299881250404026184124858368.00000 -> -179769313486231570814527423731704356798070567525844996598917476803157260780028538760589558632766878171540458953514382464234321326889464182768467546703537516986049910576551282076245490090389328944075868508455133942304583236903222948165808559332123348274797826204144723168738177180919299881250404026184124858368.00000
01-25 00:54 nessai WARNING : NS integrator received non-monotonic logL.-179769313486231570814527423731704356798070567525844996598917476803157260780028538760589558632766878171540458953514382464234321326889464182768467546703537516986049910576551282076245490090389328944075868508455133942304583236903222948165808559332123348274797826204144723168738177180919299881250404026184124858368.00000 -> -179769313486231570814527423731704356798070567525844996598917476803157260780028538760589558632766878171540458953514382464234321326889464182768467546703537516986049910576551282076245490090389328944075868508455133942304583236903222948165808559332123348274797826204144723168738177180919299881250404026184124858368.00000
01-25 01:13 nessai INFO    : Checkpointing nested sampling
01-25 01:13 nessai INFO    : it:   678: n eval: 3000 H: nan dlogZ: 1620.014 logZ: -27956.915 +/- nan logLmax: -26336.22
01-25 01:13 nessai INFO    : it:  1000: Rolling KS test: D=0.014, p-value=0.6695
01-25 01:33 nessai INFO    : Checkpointing nested sampling
01-25 01:33 nessai INFO    : it:  1090: n eval: 4000 H: nan dlogZ: 754.930 logZ: -27089.972 +/- nan logLmax: -26333.95
01-25 01:52 nessai INFO    : Checkpointing nested sampling
01-25 01:52 nessai INFO    : it:  1355: n eval: 5000 H: nan dlogZ: 513.041 logZ: -26845.591 +/- nan logLmax: -26331.20
01-25 02:11 nessai INFO    : Checkpointing nested sampling
01-25 02:11 nessai INFO    : it:  1581: n eval: 6000 H: nan dlogZ: 373.285 logZ: -26706.062 +/- nan logLmax: -26331.20
01-25 02:30 nessai INFO    : Checkpointing nested sampling
01-25 02:30 nessai INFO    : it:  1740: n eval: 7000 H: nan dlogZ: 305.814 logZ: -26638.750 +/- nan logLmax: -26331.20
01-25 02:50 nessai INFO    : Checkpointing nested sampling
01-25 02:50 nessai INFO    : it:  1874: n eval: 8000 H: nan dlogZ: 253.754 logZ: -26586.824 +/- nan logLmax: -26331.20
01-25 02:50 nessai INFO    : Switching to FlowProposal
01-25 03:38 nessai INFO    : it:  2000: Rolling KS test: D=0.028, p-value=0.2046
01-25 03:38 nessai INFO    : Checkpointing nested sampling
01-25 03:38 nessai INFO    : it:  2000: n eval: 10425 H: nan dlogZ: 216.599 logZ: -26549.794 +/- nan logLmax: -26331.20
01-25 04:10 nessai INFO    : Checkpointing nested sampling
01-25 04:10 nessai INFO    : it:  2899: n eval: 12066 H: nan dlogZ: 90.139 logZ: -26423.259 +/- nan logLmax: -26330.22
01-25 04:10 nessai INFO    : it:  3000: Rolling KS test: D=0.017, p-value=0.5547
01-25 04:52 nessai INFO    : Checkpointing nested sampling
01-25 04:52 nessai INFO    : it:  3307: n eval: 14231 H: nan dlogZ: 67.255 logZ: -26400.298 +/- nan logLmax: -26329.74
01-25 04:52 nessai INFO    : it:  4000: Rolling KS test: D=0.021, p-value=0.4082
01-25 05:28 nessai INFO    : Checkpointing nested sampling
01-25 05:28 nessai INFO    : it:  4012: n eval: 16029 H: nan dlogZ: 48.369 logZ: -26375.999 +/- nan logLmax: -26323.62
01-25 06:04 nessai INFO    : Checkpointing nested sampling
01-25 06:04 nessai INFO    : it:  4610: n eval: 17815 H: nan dlogZ: 34.510 logZ: -26362.483 +/- nan logLmax: -26323.36
01-25 06:04 nessai INFO    : it:  5000: Rolling KS test: D=0.02, p-value=0.4434
01-25 06:42 nessai INFO    : Checkpointing nested sampling
01-25 06:42 nessai INFO    : it:  5148: n eval: 19758 H: nan dlogZ: 27.394 logZ: -26355.214 +/- nan logLmax: -26322.67
01-25 07:22 nessai INFO    : Checkpointing nested sampling
01-25 07:22 nessai INFO    : it:  5681: n eval: 21812 H: nan dlogZ: 21.312 logZ: -26349.664 +/- nan logLmax: -26322.67
01-25 07:22 nessai INFO    : it:  6000: Rolling KS test: D=0.037, p-value=0.06311
01-25 08:06 nessai INFO    : Checkpointing nested sampling
01-25 08:06 nessai INFO    : it:  6183: n eval: 23949 H: nan dlogZ: 17.194 logZ: -26346.049 +/- nan logLmax: -26322.67
01-25 09:06 nessai INFO    : Checkpointing nested sampling
01-25 09:06 nessai INFO    : it:  6673: n eval: 26185 H: nan dlogZ: 14.603 logZ: -26343.540 +/- nan logLmax: -26322.27
01-25 09:06 nessai INFO    : it:  7000: Rolling KS test: D=0.005, p-value=0.9481
01-25 10:18 nessai INFO    : Checkpointing nested sampling
01-25 10:18 nessai INFO    : it:  7147: n eval: 28637 H: nan dlogZ: 12.982 logZ: -26341.810 +/- nan logLmax: -26321.68
01-25 11:19 nessai INFO    : Checkpointing nested sampling
01-25 11:19 nessai INFO    : it:  7765: n eval: 30760 H: nan dlogZ: 10.734 logZ: -26340.180 +/- nan logLmax: -26321.68
01-25 11:19 nessai INFO    : it:  8000: Rolling KS test: D=0.026, p-value=0.2543
01-25 12:09 nessai INFO    : Checkpointing nested sampling
01-25 12:09 nessai INFO    : it:  8194: n eval: 33103 H: nan dlogZ: 9.470 logZ: -26339.345 +/- nan logLmax: -26321.68
01-25 12:58 nessai INFO    : Checkpointing nested sampling
01-25 12:58 nessai INFO    : it:  8659: n eval: 35618 H: nan dlogZ: 9.064 logZ: -26338.625 +/- nan logLmax: -26320.90
01-25 12:58 nessai INFO    : it:  9000: Rolling KS test: D=0.016, p-value=0.593
01-25 14:02 nessai INFO    : Checkpointing nested sampling
01-25 14:02 nessai INFO    : it:  9012: n eval: 38743 H: nan dlogZ: 8.253 logZ: -26338.167 +/- nan logLmax: -26320.90
01-25 14:55 nessai INFO    : Checkpointing nested sampling
01-25 14:55 nessai INFO    : it:  9665: n eval: 41179 H: nan dlogZ: 6.830 logZ: -26337.396 +/- nan logLmax: -26320.90
01-25 14:55 nessai INFO    : it: 10000: Rolling KS test: D=0.007, p-value=0.9024
01-25 15:42 nessai INFO    : Checkpointing nested sampling
01-25 15:42 nessai INFO    : it: 10257: n eval: 43382 H: nan dlogZ: 5.499 logZ: -26336.655 +/- nan logLmax: -26320.90
01-25 17:20 nessai INFO    : Checkpointing nested sampling
01-25 17:20 nessai INFO    : it: 10437: n eval: 48303 H: nan dlogZ: 5.097 logZ: -26336.430 +/- nan logLmax: -26320.90
01-25 17:20 nessai INFO    : it: 11000: Rolling KS test: D=0.023, p-value=0.3419
01-25 18:09 nessai INFO    : Checkpointing nested sampling
01-25 18:09 nessai INFO    : it: 11493: n eval: 50570 H: nan dlogZ: 3.072 logZ: -26335.336 +/- nan logLmax: -26320.82
01-25 18:09 nessai INFO    : it: 12000: Rolling KS test: D=0.005, p-value=0.9481
01-25 18:57 nessai INFO    : Checkpointing nested sampling
01-25 18:57 nessai INFO    : it: 12037: n eval: 52851 H: nan dlogZ: 2.211 logZ: -26334.951 +/- nan logLmax: -26320.82
01-25 19:39 nessai INFO    : Checkpointing nested sampling
01-25 19:39 nessai INFO    : it: 12688: n eval: 54793 H: nan dlogZ: 1.398 logZ: -26334.611 +/- nan logLmax: -26320.81
01-25 19:39 nessai INFO    : it: 13000: Rolling KS test: D=0.005, p-value=0.9481
01-25 20:21 nessai INFO    : Checkpointing nested sampling
01-25 20:21 nessai INFO    : it: 13286: n eval: 56667 H: nan dlogZ: 0.850 logZ: -26334.386 +/- nan logLmax: -26320.81
01-25 21:02 nessai INFO    : Checkpointing nested sampling
01-25 21:02 nessai INFO    : it: 13792: n eval: 58669 H: nan dlogZ: 0.533 logZ: -26334.250 +/- nan logLmax: -26320.81
01-25 21:02 nessai INFO    : it: 14000: Rolling KS test: D=0.011, p-value=0.7794
01-25 21:50 nessai INFO    : Checkpointing nested sampling
01-25 21:50 nessai INFO    : it: 14329: n eval: 60644 H: nan dlogZ: 0.321 logZ: -26334.147 +/- nan logLmax: -26320.79
01-25 22:57 nessai INFO    : Checkpointing nested sampling
01-25 22:57 nessai INFO    : it: 14783: n eval: 62928 H: nan dlogZ: 0.204 logZ: -26334.087 +/- nan logLmax: -26320.79
01-25 22:57 nessai INFO    : it: 15000: Rolling KS test: D=0.001, p-value=0.9973
01-25 23:57 nessai INFO    : Checkpointing nested sampling
01-25 23:57 nessai INFO    : it: 15421: n eval: 64969 H: nan dlogZ: 0.109 logZ: -26334.032 +/- nan logLmax: -26320.78
01-25 23:57 nessai INFO    : Stopping with dlogZ=0.100
01-25 23:57 nessai INFO    : Finalising
01-25 23:57 nessai INFO    : Final ln-evidence: -26333.955 +/- nan
01-25 23:57 nessai INFO    : Information: nan
01-25 23:57 nessai INFO    : Final KS test: D=0.002637, p-value=0.8046
01-25 23:57 nessai INFO    : Checkpointing nested sampling
01-25 23:57 nessai INFO    : Total sampling time: 23:22:02.515720
01-25 23:57 nessai INFO    : Total training time: 0:00:13.242082
01-25 23:57 nessai INFO    : Total population time: 2:33:22.346016
01-25 23:57 nessai INFO    : Total likelihood evaluations: 64969
01-25 23:57 nessai INFO    : Time spent evaluating likelihood: 23:39:38.528503
01-25 23:57 nessai INFO    : Total sampling time: 23:22:02.515720
01-25 23:57 nessai INFO    : Total likelihood evaluations: 64969
01-25 23:57 nessai INFO    : Starting post processing
01-25 23:57 nessai INFO    : Computing posterior samples
01-25 23:57 nessai INFO    : Effective sample size: 6054.0
01-25 23:57 nessai INFO    : Producing posterior samples using rejection sampling
01-25 23:57 nessai INFO    : Expect 4281.600650837942 samples from rejection sampling
01-25 23:57 nessai INFO    : Returned 4285 posterior samples
01-25 23:57 nessai INFO    : Starting to close worker pool.
01-25 23:57 nessai INFO    : Finished closing worker pool.
