01-09 09:24 nessai INFO    : Running Nessai version 0.14.0.post0
01-09 09:24 nessai INFO    : Starting multiprocessing pool with 4 processes
01-09 09:24 nessai WARNING : Using spawn start method for multiprocessing. This may lead to high memory usage or errors. Consider using the `fork` start method. See the multiprocessing documentation for more details.
01-09 09:24 nessai INFO    : Initialising nested sampler
01-09 09:26 nessai WARNING : Multiprocessing pool has already been configured.
01-09 09:26 nessai WARNING : Removing unused keyword arguments ({'n_steps', 'enforce_likelihood_threshold', 'ensemble_fraction', 'augment_dims', 'n_accept', 'plot_history', 'marginalise_augment', 'plot_chain', 'generate_augment', 'step_kwargs', 'step_type', 'n_marg', 'max_n_clusters'}) from kwargs for FlowProposal. These are valid keyword arguments but correspond to other proposal classes.
01-09 09:26 nessai INFO    : Passing kwargs to FlowProposal: {'training_config': None, 'poolsize': 1000, 'check_acceptance': False, 'max_poolsize_scale': 10, 'update_poolsize': True, 'accumulate_weights': False, 'save_training_data': False, 'reparameterisations': None, 'fallback_reparameterisation': 'zscore', 'use_default_reparameterisations': None, 'reverse_reparameterisations': False, 'map_to_unit_hypercube': False, 'latent_prior': 'truncated_gaussian', 'constant_volume_mode': True, 'volume_fraction': 0.95, 'fuzz': 1.0, 'fixed_radius': False, 'drawsize': None, 'truncate_log_q': False, 'expansion_fraction': 4.0, 'min_radius': False, 'max_radius': 50.0, 'compute_radius_with_all': False}
01-09 09:26 nessai WARNING : Signal handling is disabled. nessai will not automatically checkpoint when exited.
01-09 09:26 nessai INFO    : No reparameterisations provided, using default reparameterisations included in FlowProposal
01-09 09:26 nessai INFO    : Adding reparameterisations from: {}
01-09 09:26 nessai INFO    : Assuming fallback reparameterisation (ScaleAndShift) for ['H0', 'Om0', 'gamma', 'kappa', 'zp'] with kwargs: {'estimate_scale': True, 'estimate_shift': True, 'prior_bounds': {'H0': array([ 10., 240.]), 'Om0': array([0.1, 0.9]), 'gamma': array([ 0., 12.]), 'kappa': array([ 0., 12.]), 'zp': array([0., 4.])}}.
01-09 09:26 nessai INFO    : x space parameters: ['H0', 'Om0', 'gamma', 'kappa', 'zp']
01-09 09:26 nessai INFO    : x prime space parameters: ['H0_prime', 'Om0_prime', 'gamma_prime', 'kappa_prime', 'zp_prime']
01-09 09:26 nessai INFO    : Overwriting fuzz factor with expansion fraction
01-09 09:26 nessai INFO    : New fuzz factor: 1.379729661461215
01-09 09:26 nessai INFO    : Verifying rescaling functions
01-09 09:26 nessai INFO    : Rescaling functions are invertible
01-09 09:26 nessai INFO    : Populating initial live points
01-09 10:27 nessai INFO    : Populated 100 / 1000 live points
01-09 10:27 nessai INFO    : Populated 200 / 1000 live points
01-09 10:27 nessai INFO    : Populated 300 / 1000 live points
01-09 10:27 nessai INFO    : Populated 400 / 1000 live points
01-09 10:27 nessai INFO    : Populated 500 / 1000 live points
01-09 10:27 nessai INFO    : Populated 600 / 1000 live points
01-09 10:27 nessai INFO    : Populated 700 / 1000 live points
01-09 10:27 nessai INFO    : Populated 800 / 1000 live points
01-09 10:27 nessai INFO    : Populated 900 / 1000 live points
01-09 10:27 nessai INFO    : Populated 1000 / 1000 live points
01-09 10:27 nessai INFO    : Starting nested sampling loop
01-09 10:59 nessai INFO    : Checkpointing nested sampling
01-09 10:59 nessai INFO    : it:     1: n eval: 2000 H: 0.00 dlogZ: 179769313486231570814527423731704356798070567525844996598917476803157260780028538760589558632766878171540458953514382464234321326889464182768467546703537516986049910576551282076245490090389328944075868508455133942304583236903222948165808559332123348274797826204144723168738177180919299881250404026184124858368.000 logZ: -179769313486231570814527423731704356798070567525844996598917476803157260780028538760589558632766878171540458953514382464234321326889464182768467546703537516986049910576551282076245490090389328944075868508455133942304583236903222948165808559332123348274797826204144723168738177180919299881250404026184124858368.000 +/- 0.000 logLmax: -25548.97
01-09 10:59 nessai WARNING : NS integrator received non-monotonic logL.-179769313486231570814527423731704356798070567525844996598917476803157260780028538760589558632766878171540458953514382464234321326889464182768467546703537516986049910576551282076245490090389328944075868508455133942304583236903222948165808559332123348274797826204144723168738177180919299881250404026184124858368.00000 -> -179769313486231570814527423731704356798070567525844996598917476803157260780028538760589558632766878171540458953514382464234321326889464182768467546703537516986049910576551282076245490090389328944075868508455133942304583236903222948165808559332123348274797826204144723168738177180919299881250404026184124858368.00000
01-09 10:59 nessai WARNING : NS integrator received non-monotonic logL.-179769313486231570814527423731704356798070567525844996598917476803157260780028538760589558632766878171540458953514382464234321326889464182768467546703537516986049910576551282076245490090389328944075868508455133942304583236903222948165808559332123348274797826204144723168738177180919299881250404026184124858368.00000 -> -179769313486231570814527423731704356798070567525844996598917476803157260780028538760589558632766878171540458953514382464234321326889464182768467546703537516986049910576551282076245490090389328944075868508455133942304583236903222948165808559332123348274797826204144723168738177180919299881250404026184124858368.00000
01-09 10:59 nessai WARNING : NS integrator received non-monotonic logL.-179769313486231570814527423731704356798070567525844996598917476803157260780028538760589558632766878171540458953514382464234321326889464182768467546703537516986049910576551282076245490090389328944075868508455133942304583236903222948165808559332123348274797826204144723168738177180919299881250404026184124858368.00000 -> -179769313486231570814527423731704356798070567525844996598917476803157260780028538760589558632766878171540458953514382464234321326889464182768467546703537516986049910576551282076245490090389328944075868508455133942304583236903222948165808559332123348274797826204144723168738177180919299881250404026184124858368.00000
01-09 10:59 nessai WARNING : NS integrator received non-monotonic logL.-179769313486231570814527423731704356798070567525844996598917476803157260780028538760589558632766878171540458953514382464234321326889464182768467546703537516986049910576551282076245490090389328944075868508455133942304583236903222948165808559332123348274797826204144723168738177180919299881250404026184124858368.00000 -> -179769313486231570814527423731704356798070567525844996598917476803157260780028538760589558632766878171540458953514382464234321326889464182768467546703537516986049910576551282076245490090389328944075868508455133942304583236903222948165808559332123348274797826204144723168738177180919299881250404026184124858368.00000
01-09 10:59 nessai WARNING : NS integrator received non-monotonic logL.-179769313486231570814527423731704356798070567525844996598917476803157260780028538760589558632766878171540458953514382464234321326889464182768467546703537516986049910576551282076245490090389328944075868508455133942304583236903222948165808559332123348274797826204144723168738177180919299881250404026184124858368.00000 -> -179769313486231570814527423731704356798070567525844996598917476803157260780028538760589558632766878171540458953514382464234321326889464182768467546703537516986049910576551282076245490090389328944075868508455133942304583236903222948165808559332123348274797826204144723168738177180919299881250404026184124858368.00000
01-09 10:59 nessai WARNING : NS integrator received non-monotonic logL.-179769313486231570814527423731704356798070567525844996598917476803157260780028538760589558632766878171540458953514382464234321326889464182768467546703537516986049910576551282076245490090389328944075868508455133942304583236903222948165808559332123348274797826204144723168738177180919299881250404026184124858368.00000 -> -179769313486231570814527423731704356798070567525844996598917476803157260780028538760589558632766878171540458953514382464234321326889464182768467546703537516986049910576551282076245490090389328944075868508455133942304583236903222948165808559332123348274797826204144723168738177180919299881250404026184124858368.00000
01-09 10:59 nessai WARNING : NS integrator received non-monotonic logL.-179769313486231570814527423731704356798070567525844996598917476803157260780028538760589558632766878171540458953514382464234321326889464182768467546703537516986049910576551282076245490090389328944075868508455133942304583236903222948165808559332123348274797826204144723168738177180919299881250404026184124858368.00000 -> -179769313486231570814527423731704356798070567525844996598917476803157260780028538760589558632766878171540458953514382464234321326889464182768467546703537516986049910576551282076245490090389328944075868508455133942304583236903222948165808559332123348274797826204144723168738177180919299881250404026184124858368.00000
01-09 10:59 nessai WARNING : NS integrator received non-monotonic logL.-179769313486231570814527423731704356798070567525844996598917476803157260780028538760589558632766878171540458953514382464234321326889464182768467546703537516986049910576551282076245490090389328944075868508455133942304583236903222948165808559332123348274797826204144723168738177180919299881250404026184124858368.00000 -> -179769313486231570814527423731704356798070567525844996598917476803157260780028538760589558632766878171540458953514382464234321326889464182768467546703537516986049910576551282076245490090389328944075868508455133942304583236903222948165808559332123348274797826204144723168738177180919299881250404026184124858368.00000
01-09 10:59 nessai WARNING : NS integrator received non-monotonic logL.-179769313486231570814527423731704356798070567525844996598917476803157260780028538760589558632766878171540458953514382464234321326889464182768467546703537516986049910576551282076245490090389328944075868508455133942304583236903222948165808559332123348274797826204144723168738177180919299881250404026184124858368.00000 -> -179769313486231570814527423731704356798070567525844996598917476803157260780028538760589558632766878171540458953514382464234321326889464182768467546703537516986049910576551282076245490090389328944075868508455133942304583236903222948165808559332123348274797826204144723168738177180919299881250404026184124858368.00000
01-09 10:59 nessai WARNING : NS integrator received non-monotonic logL.-179769313486231570814527423731704356798070567525844996598917476803157260780028538760589558632766878171540458953514382464234321326889464182768467546703537516986049910576551282076245490090389328944075868508455133942304583236903222948165808559332123348274797826204144723168738177180919299881250404026184124858368.00000 -> -179769313486231570814527423731704356798070567525844996598917476803157260780028538760589558632766878171540458953514382464234321326889464182768467546703537516986049910576551282076245490090389328944075868508455133942304583236903222948165808559332123348274797826204144723168738177180919299881250404026184124858368.00000
01-09 10:59 nessai WARNING : NS integrator received non-monotonic logL.-179769313486231570814527423731704356798070567525844996598917476803157260780028538760589558632766878171540458953514382464234321326889464182768467546703537516986049910576551282076245490090389328944075868508455133942304583236903222948165808559332123348274797826204144723168738177180919299881250404026184124858368.00000 -> -179769313486231570814527423731704356798070567525844996598917476803157260780028538760589558632766878171540458953514382464234321326889464182768467546703537516986049910576551282076245490090389328944075868508455133942304583236903222948165808559332123348274797826204144723168738177180919299881250404026184124858368.00000
01-09 10:59 nessai WARNING : NS integrator received non-monotonic logL.-179769313486231570814527423731704356798070567525844996598917476803157260780028538760589558632766878171540458953514382464234321326889464182768467546703537516986049910576551282076245490090389328944075868508455133942304583236903222948165808559332123348274797826204144723168738177180919299881250404026184124858368.00000 -> -179769313486231570814527423731704356798070567525844996598917476803157260780028538760589558632766878171540458953514382464234321326889464182768467546703537516986049910576551282076245490090389328944075868508455133942304583236903222948165808559332123348274797826204144723168738177180919299881250404026184124858368.00000
01-09 10:59 nessai WARNING : NS integrator received non-monotonic logL.-179769313486231570814527423731704356798070567525844996598917476803157260780028538760589558632766878171540458953514382464234321326889464182768467546703537516986049910576551282076245490090389328944075868508455133942304583236903222948165808559332123348274797826204144723168738177180919299881250404026184124858368.00000 -> -179769313486231570814527423731704356798070567525844996598917476803157260780028538760589558632766878171540458953514382464234321326889464182768467546703537516986049910576551282076245490090389328944075868508455133942304583236903222948165808559332123348274797826204144723168738177180919299881250404026184124858368.00000
01-09 10:59 nessai WARNING : NS integrator received non-monotonic logL.-179769313486231570814527423731704356798070567525844996598917476803157260780028538760589558632766878171540458953514382464234321326889464182768467546703537516986049910576551282076245490090389328944075868508455133942304583236903222948165808559332123348274797826204144723168738177180919299881250404026184124858368.00000 -> -179769313486231570814527423731704356798070567525844996598917476803157260780028538760589558632766878171540458953514382464234321326889464182768467546703537516986049910576551282076245490090389328944075868508455133942304583236903222948165808559332123348274797826204144723168738177180919299881250404026184124858368.00000
01-09 10:59 nessai WARNING : NS integrator received non-monotonic logL.-179769313486231570814527423731704356798070567525844996598917476803157260780028538760589558632766878171540458953514382464234321326889464182768467546703537516986049910576551282076245490090389328944075868508455133942304583236903222948165808559332123348274797826204144723168738177180919299881250404026184124858368.00000 -> -179769313486231570814527423731704356798070567525844996598917476803157260780028538760589558632766878171540458953514382464234321326889464182768467546703537516986049910576551282076245490090389328944075868508455133942304583236903222948165808559332123348274797826204144723168738177180919299881250404026184124858368.00000
01-09 10:59 nessai WARNING : NS integrator received non-monotonic logL.-179769313486231570814527423731704356798070567525844996598917476803157260780028538760589558632766878171540458953514382464234321326889464182768467546703537516986049910576551282076245490090389328944075868508455133942304583236903222948165808559332123348274797826204144723168738177180919299881250404026184124858368.00000 -> -179769313486231570814527423731704356798070567525844996598917476803157260780028538760589558632766878171540458953514382464234321326889464182768467546703537516986049910576551282076245490090389328944075868508455133942304583236903222948165808559332123348274797826204144723168738177180919299881250404026184124858368.00000
01-09 10:59 nessai WARNING : NS integrator received non-monotonic logL.-179769313486231570814527423731704356798070567525844996598917476803157260780028538760589558632766878171540458953514382464234321326889464182768467546703537516986049910576551282076245490090389328944075868508455133942304583236903222948165808559332123348274797826204144723168738177180919299881250404026184124858368.00000 -> -179769313486231570814527423731704356798070567525844996598917476803157260780028538760589558632766878171540458953514382464234321326889464182768467546703537516986049910576551282076245490090389328944075868508455133942304583236903222948165808559332123348274797826204144723168738177180919299881250404026184124858368.00000
01-09 10:59 nessai WARNING : NS integrator received non-monotonic logL.-179769313486231570814527423731704356798070567525844996598917476803157260780028538760589558632766878171540458953514382464234321326889464182768467546703537516986049910576551282076245490090389328944075868508455133942304583236903222948165808559332123348274797826204144723168738177180919299881250404026184124858368.00000 -> -179769313486231570814527423731704356798070567525844996598917476803157260780028538760589558632766878171540458953514382464234321326889464182768467546703537516986049910576551282076245490090389328944075868508455133942304583236903222948165808559332123348274797826204144723168738177180919299881250404026184124858368.00000
01-09 10:59 nessai WARNING : NS integrator received non-monotonic logL.-179769313486231570814527423731704356798070567525844996598917476803157260780028538760589558632766878171540458953514382464234321326889464182768467546703537516986049910576551282076245490090389328944075868508455133942304583236903222948165808559332123348274797826204144723168738177180919299881250404026184124858368.00000 -> -179769313486231570814527423731704356798070567525844996598917476803157260780028538760589558632766878171540458953514382464234321326889464182768467546703537516986049910576551282076245490090389328944075868508455133942304583236903222948165808559332123348274797826204144723168738177180919299881250404026184124858368.00000
01-09 10:59 nessai WARNING : NS integrator received non-monotonic logL.-179769313486231570814527423731704356798070567525844996598917476803157260780028538760589558632766878171540458953514382464234321326889464182768467546703537516986049910576551282076245490090389328944075868508455133942304583236903222948165808559332123348274797826204144723168738177180919299881250404026184124858368.00000 -> -179769313486231570814527423731704356798070567525844996598917476803157260780028538760589558632766878171540458953514382464234321326889464182768467546703537516986049910576551282076245490090389328944075868508455133942304583236903222948165808559332123348274797826204144723168738177180919299881250404026184124858368.00000
01-09 10:59 nessai WARNING : NS integrator received non-monotonic logL.-179769313486231570814527423731704356798070567525844996598917476803157260780028538760589558632766878171540458953514382464234321326889464182768467546703537516986049910576551282076245490090389328944075868508455133942304583236903222948165808559332123348274797826204144723168738177180919299881250404026184124858368.00000 -> -179769313486231570814527423731704356798070567525844996598917476803157260780028538760589558632766878171540458953514382464234321326889464182768467546703537516986049910576551282076245490090389328944075868508455133942304583236903222948165808559332123348274797826204144723168738177180919299881250404026184124858368.00000
01-09 10:59 nessai WARNING : NS integrator received non-monotonic logL.-179769313486231570814527423731704356798070567525844996598917476803157260780028538760589558632766878171540458953514382464234321326889464182768467546703537516986049910576551282076245490090389328944075868508455133942304583236903222948165808559332123348274797826204144723168738177180919299881250404026184124858368.00000 -> -179769313486231570814527423731704356798070567525844996598917476803157260780028538760589558632766878171540458953514382464234321326889464182768467546703537516986049910576551282076245490090389328944075868508455133942304583236903222948165808559332123348274797826204144723168738177180919299881250404026184124858368.00000
01-09 10:59 nessai WARNING : NS integrator received non-monotonic logL.-179769313486231570814527423731704356798070567525844996598917476803157260780028538760589558632766878171540458953514382464234321326889464182768467546703537516986049910576551282076245490090389328944075868508455133942304583236903222948165808559332123348274797826204144723168738177180919299881250404026184124858368.00000 -> -179769313486231570814527423731704356798070567525844996598917476803157260780028538760589558632766878171540458953514382464234321326889464182768467546703537516986049910576551282076245490090389328944075868508455133942304583236903222948165808559332123348274797826204144723168738177180919299881250404026184124858368.00000
01-09 10:59 nessai WARNING : NS integrator received non-monotonic logL.-179769313486231570814527423731704356798070567525844996598917476803157260780028538760589558632766878171540458953514382464234321326889464182768467546703537516986049910576551282076245490090389328944075868508455133942304583236903222948165808559332123348274797826204144723168738177180919299881250404026184124858368.00000 -> -179769313486231570814527423731704356798070567525844996598917476803157260780028538760589558632766878171540458953514382464234321326889464182768467546703537516986049910576551282076245490090389328944075868508455133942304583236903222948165808559332123348274797826204144723168738177180919299881250404026184124858368.00000
01-09 10:59 nessai WARNING : NS integrator received non-monotonic logL.-179769313486231570814527423731704356798070567525844996598917476803157260780028538760589558632766878171540458953514382464234321326889464182768467546703537516986049910576551282076245490090389328944075868508455133942304583236903222948165808559332123348274797826204144723168738177180919299881250404026184124858368.00000 -> -179769313486231570814527423731704356798070567525844996598917476803157260780028538760589558632766878171540458953514382464234321326889464182768467546703537516986049910576551282076245490090389328944075868508455133942304583236903222948165808559332123348274797826204144723168738177180919299881250404026184124858368.00000
01-09 10:59 nessai WARNING : NS integrator received non-monotonic logL.-179769313486231570814527423731704356798070567525844996598917476803157260780028538760589558632766878171540458953514382464234321326889464182768467546703537516986049910576551282076245490090389328944075868508455133942304583236903222948165808559332123348274797826204144723168738177180919299881250404026184124858368.00000 -> -179769313486231570814527423731704356798070567525844996598917476803157260780028538760589558632766878171540458953514382464234321326889464182768467546703537516986049910576551282076245490090389328944075868508455133942304583236903222948165808559332123348274797826204144723168738177180919299881250404026184124858368.00000
01-09 10:59 nessai WARNING : NS integrator received non-monotonic logL.-179769313486231570814527423731704356798070567525844996598917476803157260780028538760589558632766878171540458953514382464234321326889464182768467546703537516986049910576551282076245490090389328944075868508455133942304583236903222948165808559332123348274797826204144723168738177180919299881250404026184124858368.00000 -> -179769313486231570814527423731704356798070567525844996598917476803157260780028538760589558632766878171540458953514382464234321326889464182768467546703537516986049910576551282076245490090389328944075868508455133942304583236903222948165808559332123348274797826204144723168738177180919299881250404026184124858368.00000
01-09 10:59 nessai WARNING : NS integrator received non-monotonic logL.-179769313486231570814527423731704356798070567525844996598917476803157260780028538760589558632766878171540458953514382464234321326889464182768467546703537516986049910576551282076245490090389328944075868508455133942304583236903222948165808559332123348274797826204144723168738177180919299881250404026184124858368.00000 -> -179769313486231570814527423731704356798070567525844996598917476803157260780028538760589558632766878171540458953514382464234321326889464182768467546703537516986049910576551282076245490090389328944075868508455133942304583236903222948165808559332123348274797826204144723168738177180919299881250404026184124858368.00000
01-09 10:59 nessai WARNING : NS integrator received non-monotonic logL.-179769313486231570814527423731704356798070567525844996598917476803157260780028538760589558632766878171540458953514382464234321326889464182768467546703537516986049910576551282076245490090389328944075868508455133942304583236903222948165808559332123348274797826204144723168738177180919299881250404026184124858368.00000 -> -179769313486231570814527423731704356798070567525844996598917476803157260780028538760589558632766878171540458953514382464234321326889464182768467546703537516986049910576551282076245490090389328944075868508455133942304583236903222948165808559332123348274797826204144723168738177180919299881250404026184124858368.00000
01-09 10:59 nessai WARNING : NS integrator received non-monotonic logL.-179769313486231570814527423731704356798070567525844996598917476803157260780028538760589558632766878171540458953514382464234321326889464182768467546703537516986049910576551282076245490090389328944075868508455133942304583236903222948165808559332123348274797826204144723168738177180919299881250404026184124858368.00000 -> -179769313486231570814527423731704356798070567525844996598917476803157260780028538760589558632766878171540458953514382464234321326889464182768467546703537516986049910576551282076245490090389328944075868508455133942304583236903222948165808559332123348274797826204144723168738177180919299881250404026184124858368.00000
01-09 10:59 nessai WARNING : NS integrator received non-monotonic logL.-179769313486231570814527423731704356798070567525844996598917476803157260780028538760589558632766878171540458953514382464234321326889464182768467546703537516986049910576551282076245490090389328944075868508455133942304583236903222948165808559332123348274797826204144723168738177180919299881250404026184124858368.00000 -> -179769313486231570814527423731704356798070567525844996598917476803157260780028538760589558632766878171540458953514382464234321326889464182768467546703537516986049910576551282076245490090389328944075868508455133942304583236903222948165808559332123348274797826204144723168738177180919299881250404026184124858368.00000
01-09 10:59 nessai WARNING : NS integrator received non-monotonic logL.-179769313486231570814527423731704356798070567525844996598917476803157260780028538760589558632766878171540458953514382464234321326889464182768467546703537516986049910576551282076245490090389328944075868508455133942304583236903222948165808559332123348274797826204144723168738177180919299881250404026184124858368.00000 -> -179769313486231570814527423731704356798070567525844996598917476803157260780028538760589558632766878171540458953514382464234321326889464182768467546703537516986049910576551282076245490090389328944075868508455133942304583236903222948165808559332123348274797826204144723168738177180919299881250404026184124858368.00000
01-09 10:59 nessai WARNING : NS integrator received non-monotonic logL.-179769313486231570814527423731704356798070567525844996598917476803157260780028538760589558632766878171540458953514382464234321326889464182768467546703537516986049910576551282076245490090389328944075868508455133942304583236903222948165808559332123348274797826204144723168738177180919299881250404026184124858368.00000 -> -179769313486231570814527423731704356798070567525844996598917476803157260780028538760589558632766878171540458953514382464234321326889464182768467546703537516986049910576551282076245490090389328944075868508455133942304583236903222948165808559332123348274797826204144723168738177180919299881250404026184124858368.00000
01-09 10:59 nessai WARNING : NS integrator received non-monotonic logL.-179769313486231570814527423731704356798070567525844996598917476803157260780028538760589558632766878171540458953514382464234321326889464182768467546703537516986049910576551282076245490090389328944075868508455133942304583236903222948165808559332123348274797826204144723168738177180919299881250404026184124858368.00000 -> -179769313486231570814527423731704356798070567525844996598917476803157260780028538760589558632766878171540458953514382464234321326889464182768467546703537516986049910576551282076245490090389328944075868508455133942304583236903222948165808559332123348274797826204144723168738177180919299881250404026184124858368.00000
01-09 10:59 nessai WARNING : NS integrator received non-monotonic logL.-179769313486231570814527423731704356798070567525844996598917476803157260780028538760589558632766878171540458953514382464234321326889464182768467546703537516986049910576551282076245490090389328944075868508455133942304583236903222948165808559332123348274797826204144723168738177180919299881250404026184124858368.00000 -> -179769313486231570814527423731704356798070567525844996598917476803157260780028538760589558632766878171540458953514382464234321326889464182768467546703537516986049910576551282076245490090389328944075868508455133942304583236903222948165808559332123348274797826204144723168738177180919299881250404026184124858368.00000
01-09 10:59 nessai WARNING : NS integrator received non-monotonic logL.-179769313486231570814527423731704356798070567525844996598917476803157260780028538760589558632766878171540458953514382464234321326889464182768467546703537516986049910576551282076245490090389328944075868508455133942304583236903222948165808559332123348274797826204144723168738177180919299881250404026184124858368.00000 -> -179769313486231570814527423731704356798070567525844996598917476803157260780028538760589558632766878171540458953514382464234321326889464182768467546703537516986049910576551282076245490090389328944075868508455133942304583236903222948165808559332123348274797826204144723168738177180919299881250404026184124858368.00000
01-09 11:43 nessai INFO    : Checkpointing nested sampling
01-09 11:43 nessai INFO    : it:   677: n eval: 3000 H: nan dlogZ: 1657.592 logZ: -27207.239 +/- nan logLmax: -25548.97
01-09 11:43 nessai INFO    : it:  1000: Rolling KS test: D=0.008, p-value=0.8752
01-09 12:30 nessai INFO    : Checkpointing nested sampling
01-09 12:30 nessai INFO    : it:  1086: n eval: 4000 H: nan dlogZ: 775.068 logZ: -26325.123 +/- nan logLmax: -25548.97
01-09 12:55 nessai INFO    : Checkpointing nested sampling
01-09 12:55 nessai INFO    : it:  1349: n eval: 5000 H: nan dlogZ: 506.110 logZ: -26056.429 +/- nan logLmax: -25548.97
01-09 13:17 nessai INFO    : Checkpointing nested sampling
01-09 13:17 nessai INFO    : it:  1585: n eval: 6000 H: nan dlogZ: 376.350 logZ: -25926.905 +/- nan logLmax: -25548.97
01-09 13:41 nessai INFO    : Checkpointing nested sampling
01-09 13:41 nessai INFO    : it:  1778: n eval: 7000 H: nan dlogZ: 294.328 logZ: -25845.076 +/- nan logLmax: -25548.97
01-09 14:10 nessai INFO    : Checkpointing nested sampling
01-09 14:10 nessai INFO    : it:  1937: n eval: 8000 H: nan dlogZ: 244.021 logZ: -25794.765 +/- nan logLmax: -25548.81
01-09 14:10 nessai INFO    : it:  2000: Rolling KS test: D=0.012, p-value=0.7438
01-09 14:11 nessai INFO    : Switching to FlowProposal
01-09 15:22 nessai INFO    : Checkpointing nested sampling
01-09 15:22 nessai INFO    : it:  2001: n eval: 10310 H: nan dlogZ: 222.478 logZ: -25773.286 +/- nan logLmax: -25548.81
01-09 16:20 nessai INFO    : Checkpointing nested sampling
01-09 16:20 nessai INFO    : it:  2810: n eval: 11996 H: nan dlogZ: 102.795 logZ: -25654.325 +/- nan logLmax: -25548.72
01-09 16:20 nessai INFO    : it:  3000: Rolling KS test: D=0.002, p-value=0.9907
01-09 17:03 nessai INFO    : Checkpointing nested sampling
01-09 17:03 nessai INFO    : it:  3516: n eval: 13563 H: nan dlogZ: 63.430 logZ: -25614.688 +/- nan logLmax: -25547.74
01-09 17:03 nessai INFO    : it:  4000: Rolling KS test: D=0.021, p-value=0.4082
01-09 17:44 nessai INFO    : Checkpointing nested sampling
01-09 17:44 nessai INFO    : it:  4143: n eval: 15156 H: nan dlogZ: 41.594 logZ: -25593.022 +/- nan logLmax: -25547.29
01-09 20:29 nessai INFO    : Checkpointing nested sampling
01-09 20:29 nessai INFO    : it:  4696: n eval: 16917 H: nan dlogZ: 28.940 logZ: -25580.752 +/- nan logLmax: -25547.12
01-09 20:29 nessai INFO    : it:  5000: Rolling KS test: D=0.017, p-value=0.5547
01-09 21:20 nessai INFO    : Checkpointing nested sampling
01-09 21:20 nessai INFO    : it:  5257: n eval: 18808 H: nan dlogZ: 20.218 logZ: -25572.590 +/- nan logLmax: -25547.12
01-09 21:53 nessai INFO    : Checkpointing nested sampling
01-09 21:53 nessai INFO    : it:  5835: n eval: 20755 H: nan dlogZ: 14.002 logZ: -25566.953 +/- nan logLmax: -25547.12
01-09 21:53 nessai INFO    : it:  6000: Rolling KS test: D=0.034, p-value=0.09683
01-09 22:27 nessai INFO    : Checkpointing nested sampling
01-09 22:27 nessai INFO    : it:  6441: n eval: 22673 H: nan dlogZ: 9.668 logZ: -25563.171 +/- nan logLmax: -25547.06
01-09 23:04 nessai INFO    : Checkpointing nested sampling
01-09 23:04 nessai INFO    : it:  6950: n eval: 24740 H: nan dlogZ: 7.012 logZ: -25560.933 +/- nan logLmax: -25546.97
01-09 23:04 nessai INFO    : it:  7000: Rolling KS test: D=0.017, p-value=0.5547
01-09 23:39 nessai INFO    : Checkpointing nested sampling
01-09 23:39 nessai INFO    : it:  7543: n eval: 26742 H: nan dlogZ: 4.713 logZ: -25559.219 +/- nan logLmax: -25546.97
01-09 23:39 nessai INFO    : it:  8000: Rolling KS test: D=0.03, p-value=0.162
01-10 00:17 nessai INFO    : Checkpointing nested sampling
01-10 00:17 nessai INFO    : it:  8071: n eval: 28814 H: nan dlogZ: 3.264 logZ: -25558.267 +/- nan logLmax: -25546.97
01-10 00:52 nessai INFO    : Checkpointing nested sampling
01-10 00:52 nessai INFO    : it:  8720: n eval: 30686 H: nan dlogZ: 1.989 logZ: -25557.479 +/- nan logLmax: -25546.92
01-10 00:52 nessai INFO    : it:  9000: Rolling KS test: D=0.005, p-value=0.9481
01-10 01:28 nessai INFO    : Checkpointing nested sampling
01-10 01:28 nessai INFO    : it:  9258: n eval: 32655 H: nan dlogZ: 1.238 logZ: -25557.071 +/- nan logLmax: -25546.92
01-10 02:08 nessai INFO    : Checkpointing nested sampling
01-10 02:08 nessai INFO    : it:  9750: n eval: 34822 H: nan dlogZ: 0.789 logZ: -25556.819 +/- nan logLmax: -25546.89
01-10 02:08 nessai INFO    : it: 10000: Rolling KS test: D=0.057, p-value=0.001446
01-10 02:47 nessai INFO    : Checkpointing nested sampling
01-10 02:47 nessai INFO    : it: 10286: n eval: 36976 H: nan dlogZ: 0.464 logZ: -25556.636 +/- nan logLmax: -25546.88
01-10 03:34 nessai INFO    : Checkpointing nested sampling
01-10 03:34 nessai INFO    : it: 10734: n eval: 39504 H: nan dlogZ: 0.297 logZ: -25556.534 +/- nan logLmax: -25546.86
01-10 03:34 nessai INFO    : it: 11000: Rolling KS test: D=0.014, p-value=0.6695
01-10 04:21 nessai INFO    : Checkpointing nested sampling
01-10 04:21 nessai INFO    : it: 11256: n eval: 42037 H: nan dlogZ: 0.175 logZ: -25556.457 +/- nan logLmax: -25546.85
01-10 04:21 nessai INFO    : Stopping with dlogZ=0.100
01-10 04:21 nessai INFO    : Finalising
01-10 04:21 nessai INFO    : Final ln-evidence: -25556.329 +/- nan
01-10 04:21 nessai INFO    : Information: nan
01-10 04:21 nessai INFO    : Final KS test: D=0.003238, p-value=0.779
01-10 04:21 nessai INFO    : Checkpointing nested sampling
01-10 04:21 nessai INFO    : Total sampling time: 17:53:58.068355
01-10 04:21 nessai INFO    : Total training time: 0:00:13.612135
01-10 04:21 nessai INFO    : Total population time: 4:44:32.873704
01-10 04:21 nessai INFO    : Total likelihood evaluations: 42037
01-10 04:21 nessai INFO    : Time spent evaluating likelihood: 18:54:32.346206
01-10 04:21 nessai INFO    : Total sampling time: 17:53:58.068355
01-10 04:21 nessai INFO    : Total likelihood evaluations: 42037
01-10 04:21 nessai INFO    : Starting post processing
01-10 04:21 nessai INFO    : Computing posterior samples
01-10 04:21 nessai INFO    : Effective sample size: 4745.8
01-10 04:21 nessai INFO    : Producing posterior samples using rejection sampling
01-10 04:21 nessai INFO    : Expect 3324.5766031323715 samples from rejection sampling
01-10 04:21 nessai INFO    : Returned 3332 posterior samples
01-10 04:21 nessai INFO    : Starting to close worker pool.
01-10 04:21 nessai INFO    : Finished closing worker pool.
