01-28 09:28 nessai INFO    : Running Nessai version 0.14.0.post0
01-28 09:28 nessai INFO    : Starting multiprocessing pool with 4 processes
01-28 09:28 nessai WARNING : Using spawn start method for multiprocessing. This may lead to high memory usage or errors. Consider using the `fork` start method. See the multiprocessing documentation for more details.
01-28 09:29 nessai INFO    : Initialising nested sampler
01-28 09:30 nessai WARNING : Multiprocessing pool has already been configured.
01-28 09:30 nessai WARNING : Removing unused keyword arguments ({'plot_history', 'n_marg', 'generate_augment', 'n_steps', 'n_accept', 'step_kwargs', 'enforce_likelihood_threshold', 'augment_dims', 'plot_chain', 'marginalise_augment', 'ensemble_fraction', 'max_n_clusters', 'step_type'}) from kwargs for FlowProposal. These are valid keyword arguments but correspond to other proposal classes.
01-28 09:30 nessai INFO    : Passing kwargs to FlowProposal: {'training_config': None, 'poolsize': 1000, 'check_acceptance': False, 'max_poolsize_scale': 10, 'update_poolsize': True, 'accumulate_weights': False, 'save_training_data': False, 'reparameterisations': None, 'fallback_reparameterisation': 'zscore', 'use_default_reparameterisations': None, 'reverse_reparameterisations': False, 'map_to_unit_hypercube': False, 'latent_prior': 'truncated_gaussian', 'constant_volume_mode': True, 'volume_fraction': 0.95, 'fuzz': 1.0, 'fixed_radius': False, 'drawsize': None, 'truncate_log_q': False, 'expansion_fraction': 4.0, 'min_radius': False, 'max_radius': 50.0, 'compute_radius_with_all': False}
01-28 09:30 nessai WARNING : Signal handling is disabled. nessai will not automatically checkpoint when exited.
01-28 09:30 nessai INFO    : No reparameterisations provided, using default reparameterisations included in FlowProposal
01-28 09:30 nessai INFO    : Adding reparameterisations from: {}
01-28 09:30 nessai INFO    : Assuming fallback reparameterisation (ScaleAndShift) for ['H0', 'Om0', 'gamma', 'kappa', 'zp'] with kwargs: {'estimate_scale': True, 'estimate_shift': True, 'prior_bounds': {'H0': array([ 10., 240.]), 'Om0': array([0.1, 0.9]), 'gamma': array([ 0., 12.]), 'kappa': array([ 0., 12.]), 'zp': array([0., 4.])}}.
01-28 09:30 nessai INFO    : x space parameters: ['H0', 'Om0', 'gamma', 'kappa', 'zp']
01-28 09:30 nessai INFO    : x prime space parameters: ['H0_prime', 'Om0_prime', 'gamma_prime', 'kappa_prime', 'zp_prime']
01-28 09:30 nessai INFO    : Overwriting fuzz factor with expansion fraction
01-28 09:30 nessai INFO    : New fuzz factor: 1.379729661461215
01-28 09:30 nessai INFO    : Verifying rescaling functions
01-28 09:30 nessai INFO    : Rescaling functions are invertible
01-28 09:30 nessai INFO    : Populating initial live points
01-28 10:05 nessai INFO    : Populated 100 / 1000 live points
01-28 10:05 nessai INFO    : Populated 200 / 1000 live points
01-28 10:05 nessai INFO    : Populated 300 / 1000 live points
01-28 10:05 nessai INFO    : Populated 400 / 1000 live points
01-28 10:05 nessai INFO    : Populated 500 / 1000 live points
01-28 10:05 nessai INFO    : Populated 600 / 1000 live points
01-28 10:05 nessai INFO    : Populated 700 / 1000 live points
01-28 10:05 nessai INFO    : Populated 800 / 1000 live points
01-28 10:05 nessai INFO    : Populated 900 / 1000 live points
01-28 10:05 nessai INFO    : Populated 1000 / 1000 live points
01-28 10:05 nessai INFO    : Starting nested sampling loop
01-28 10:35 nessai INFO    : Checkpointing nested sampling
01-28 10:35 nessai INFO    : it:     1: n eval: 2000 H: 0.00 dlogZ: 179769313486231570814527423731704356798070567525844996598917476803157260780028538760589558632766878171540458953514382464234321326889464182768467546703537516986049910576551282076245490090389328944075868508455133942304583236903222948165808559332123348274797826204144723168738177180919299881250404026184124858368.000 logZ: -179769313486231570814527423731704356798070567525844996598917476803157260780028538760589558632766878171540458953514382464234321326889464182768467546703537516986049910576551282076245490090389328944075868508455133942304583236903222948165808559332123348274797826204144723168738177180919299881250404026184124858368.000 +/- 0.000 logLmax: -25970.83
01-28 10:35 nessai WARNING : NS integrator received non-monotonic logL.-179769313486231570814527423731704356798070567525844996598917476803157260780028538760589558632766878171540458953514382464234321326889464182768467546703537516986049910576551282076245490090389328944075868508455133942304583236903222948165808559332123348274797826204144723168738177180919299881250404026184124858368.00000 -> -179769313486231570814527423731704356798070567525844996598917476803157260780028538760589558632766878171540458953514382464234321326889464182768467546703537516986049910576551282076245490090389328944075868508455133942304583236903222948165808559332123348274797826204144723168738177180919299881250404026184124858368.00000
01-28 10:35 nessai WARNING : NS integrator received non-monotonic logL.-179769313486231570814527423731704356798070567525844996598917476803157260780028538760589558632766878171540458953514382464234321326889464182768467546703537516986049910576551282076245490090389328944075868508455133942304583236903222948165808559332123348274797826204144723168738177180919299881250404026184124858368.00000 -> -179769313486231570814527423731704356798070567525844996598917476803157260780028538760589558632766878171540458953514382464234321326889464182768467546703537516986049910576551282076245490090389328944075868508455133942304583236903222948165808559332123348274797826204144723168738177180919299881250404026184124858368.00000
01-28 10:35 nessai WARNING : NS integrator received non-monotonic logL.-179769313486231570814527423731704356798070567525844996598917476803157260780028538760589558632766878171540458953514382464234321326889464182768467546703537516986049910576551282076245490090389328944075868508455133942304583236903222948165808559332123348274797826204144723168738177180919299881250404026184124858368.00000 -> -179769313486231570814527423731704356798070567525844996598917476803157260780028538760589558632766878171540458953514382464234321326889464182768467546703537516986049910576551282076245490090389328944075868508455133942304583236903222948165808559332123348274797826204144723168738177180919299881250404026184124858368.00000
01-28 10:35 nessai WARNING : NS integrator received non-monotonic logL.-179769313486231570814527423731704356798070567525844996598917476803157260780028538760589558632766878171540458953514382464234321326889464182768467546703537516986049910576551282076245490090389328944075868508455133942304583236903222948165808559332123348274797826204144723168738177180919299881250404026184124858368.00000 -> -179769313486231570814527423731704356798070567525844996598917476803157260780028538760589558632766878171540458953514382464234321326889464182768467546703537516986049910576551282076245490090389328944075868508455133942304583236903222948165808559332123348274797826204144723168738177180919299881250404026184124858368.00000
01-28 10:35 nessai WARNING : NS integrator received non-monotonic logL.-179769313486231570814527423731704356798070567525844996598917476803157260780028538760589558632766878171540458953514382464234321326889464182768467546703537516986049910576551282076245490090389328944075868508455133942304583236903222948165808559332123348274797826204144723168738177180919299881250404026184124858368.00000 -> -179769313486231570814527423731704356798070567525844996598917476803157260780028538760589558632766878171540458953514382464234321326889464182768467546703537516986049910576551282076245490090389328944075868508455133942304583236903222948165808559332123348274797826204144723168738177180919299881250404026184124858368.00000
01-28 10:35 nessai WARNING : NS integrator received non-monotonic logL.-179769313486231570814527423731704356798070567525844996598917476803157260780028538760589558632766878171540458953514382464234321326889464182768467546703537516986049910576551282076245490090389328944075868508455133942304583236903222948165808559332123348274797826204144723168738177180919299881250404026184124858368.00000 -> -179769313486231570814527423731704356798070567525844996598917476803157260780028538760589558632766878171540458953514382464234321326889464182768467546703537516986049910576551282076245490090389328944075868508455133942304583236903222948165808559332123348274797826204144723168738177180919299881250404026184124858368.00000
01-28 10:35 nessai WARNING : NS integrator received non-monotonic logL.-179769313486231570814527423731704356798070567525844996598917476803157260780028538760589558632766878171540458953514382464234321326889464182768467546703537516986049910576551282076245490090389328944075868508455133942304583236903222948165808559332123348274797826204144723168738177180919299881250404026184124858368.00000 -> -179769313486231570814527423731704356798070567525844996598917476803157260780028538760589558632766878171540458953514382464234321326889464182768467546703537516986049910576551282076245490090389328944075868508455133942304583236903222948165808559332123348274797826204144723168738177180919299881250404026184124858368.00000
01-28 10:35 nessai WARNING : NS integrator received non-monotonic logL.-179769313486231570814527423731704356798070567525844996598917476803157260780028538760589558632766878171540458953514382464234321326889464182768467546703537516986049910576551282076245490090389328944075868508455133942304583236903222948165808559332123348274797826204144723168738177180919299881250404026184124858368.00000 -> -179769313486231570814527423731704356798070567525844996598917476803157260780028538760589558632766878171540458953514382464234321326889464182768467546703537516986049910576551282076245490090389328944075868508455133942304583236903222948165808559332123348274797826204144723168738177180919299881250404026184124858368.00000
01-28 10:35 nessai WARNING : NS integrator received non-monotonic logL.-179769313486231570814527423731704356798070567525844996598917476803157260780028538760589558632766878171540458953514382464234321326889464182768467546703537516986049910576551282076245490090389328944075868508455133942304583236903222948165808559332123348274797826204144723168738177180919299881250404026184124858368.00000 -> -179769313486231570814527423731704356798070567525844996598917476803157260780028538760589558632766878171540458953514382464234321326889464182768467546703537516986049910576551282076245490090389328944075868508455133942304583236903222948165808559332123348274797826204144723168738177180919299881250404026184124858368.00000
01-28 10:35 nessai WARNING : NS integrator received non-monotonic logL.-179769313486231570814527423731704356798070567525844996598917476803157260780028538760589558632766878171540458953514382464234321326889464182768467546703537516986049910576551282076245490090389328944075868508455133942304583236903222948165808559332123348274797826204144723168738177180919299881250404026184124858368.00000 -> -179769313486231570814527423731704356798070567525844996598917476803157260780028538760589558632766878171540458953514382464234321326889464182768467546703537516986049910576551282076245490090389328944075868508455133942304583236903222948165808559332123348274797826204144723168738177180919299881250404026184124858368.00000
01-28 10:35 nessai WARNING : NS integrator received non-monotonic logL.-179769313486231570814527423731704356798070567525844996598917476803157260780028538760589558632766878171540458953514382464234321326889464182768467546703537516986049910576551282076245490090389328944075868508455133942304583236903222948165808559332123348274797826204144723168738177180919299881250404026184124858368.00000 -> -179769313486231570814527423731704356798070567525844996598917476803157260780028538760589558632766878171540458953514382464234321326889464182768467546703537516986049910576551282076245490090389328944075868508455133942304583236903222948165808559332123348274797826204144723168738177180919299881250404026184124858368.00000
01-28 10:35 nessai WARNING : NS integrator received non-monotonic logL.-179769313486231570814527423731704356798070567525844996598917476803157260780028538760589558632766878171540458953514382464234321326889464182768467546703537516986049910576551282076245490090389328944075868508455133942304583236903222948165808559332123348274797826204144723168738177180919299881250404026184124858368.00000 -> -179769313486231570814527423731704356798070567525844996598917476803157260780028538760589558632766878171540458953514382464234321326889464182768467546703537516986049910576551282076245490090389328944075868508455133942304583236903222948165808559332123348274797826204144723168738177180919299881250404026184124858368.00000
01-28 10:35 nessai WARNING : NS integrator received non-monotonic logL.-179769313486231570814527423731704356798070567525844996598917476803157260780028538760589558632766878171540458953514382464234321326889464182768467546703537516986049910576551282076245490090389328944075868508455133942304583236903222948165808559332123348274797826204144723168738177180919299881250404026184124858368.00000 -> -179769313486231570814527423731704356798070567525844996598917476803157260780028538760589558632766878171540458953514382464234321326889464182768467546703537516986049910576551282076245490090389328944075868508455133942304583236903222948165808559332123348274797826204144723168738177180919299881250404026184124858368.00000
01-28 10:35 nessai WARNING : NS integrator received non-monotonic logL.-179769313486231570814527423731704356798070567525844996598917476803157260780028538760589558632766878171540458953514382464234321326889464182768467546703537516986049910576551282076245490090389328944075868508455133942304583236903222948165808559332123348274797826204144723168738177180919299881250404026184124858368.00000 -> -179769313486231570814527423731704356798070567525844996598917476803157260780028538760589558632766878171540458953514382464234321326889464182768467546703537516986049910576551282076245490090389328944075868508455133942304583236903222948165808559332123348274797826204144723168738177180919299881250404026184124858368.00000
01-28 10:35 nessai WARNING : NS integrator received non-monotonic logL.-179769313486231570814527423731704356798070567525844996598917476803157260780028538760589558632766878171540458953514382464234321326889464182768467546703537516986049910576551282076245490090389328944075868508455133942304583236903222948165808559332123348274797826204144723168738177180919299881250404026184124858368.00000 -> -179769313486231570814527423731704356798070567525844996598917476803157260780028538760589558632766878171540458953514382464234321326889464182768467546703537516986049910576551282076245490090389328944075868508455133942304583236903222948165808559332123348274797826204144723168738177180919299881250404026184124858368.00000
01-28 10:35 nessai WARNING : NS integrator received non-monotonic logL.-179769313486231570814527423731704356798070567525844996598917476803157260780028538760589558632766878171540458953514382464234321326889464182768467546703537516986049910576551282076245490090389328944075868508455133942304583236903222948165808559332123348274797826204144723168738177180919299881250404026184124858368.00000 -> -179769313486231570814527423731704356798070567525844996598917476803157260780028538760589558632766878171540458953514382464234321326889464182768467546703537516986049910576551282076245490090389328944075868508455133942304583236903222948165808559332123348274797826204144723168738177180919299881250404026184124858368.00000
01-28 10:35 nessai WARNING : NS integrator received non-monotonic logL.-179769313486231570814527423731704356798070567525844996598917476803157260780028538760589558632766878171540458953514382464234321326889464182768467546703537516986049910576551282076245490090389328944075868508455133942304583236903222948165808559332123348274797826204144723168738177180919299881250404026184124858368.00000 -> -179769313486231570814527423731704356798070567525844996598917476803157260780028538760589558632766878171540458953514382464234321326889464182768467546703537516986049910576551282076245490090389328944075868508455133942304583236903222948165808559332123348274797826204144723168738177180919299881250404026184124858368.00000
01-28 10:35 nessai WARNING : NS integrator received non-monotonic logL.-179769313486231570814527423731704356798070567525844996598917476803157260780028538760589558632766878171540458953514382464234321326889464182768467546703537516986049910576551282076245490090389328944075868508455133942304583236903222948165808559332123348274797826204144723168738177180919299881250404026184124858368.00000 -> -179769313486231570814527423731704356798070567525844996598917476803157260780028538760589558632766878171540458953514382464234321326889464182768467546703537516986049910576551282076245490090389328944075868508455133942304583236903222948165808559332123348274797826204144723168738177180919299881250404026184124858368.00000
01-28 10:35 nessai WARNING : NS integrator received non-monotonic logL.-179769313486231570814527423731704356798070567525844996598917476803157260780028538760589558632766878171540458953514382464234321326889464182768467546703537516986049910576551282076245490090389328944075868508455133942304583236903222948165808559332123348274797826204144723168738177180919299881250404026184124858368.00000 -> -179769313486231570814527423731704356798070567525844996598917476803157260780028538760589558632766878171540458953514382464234321326889464182768467546703537516986049910576551282076245490090389328944075868508455133942304583236903222948165808559332123348274797826204144723168738177180919299881250404026184124858368.00000
01-28 11:06 nessai INFO    : Checkpointing nested sampling
01-28 11:06 nessai INFO    : it:   682: n eval: 3000 H: nan dlogZ: 1724.389 logZ: -27695.898 +/- nan logLmax: -25970.83
01-28 11:06 nessai INFO    : it:  1000: Rolling KS test: D=0.016, p-value=0.593
01-28 11:34 nessai INFO    : Checkpointing nested sampling
01-28 11:34 nessai INFO    : it:  1114: n eval: 4000 H: nan dlogZ: 836.142 logZ: -26802.691 +/- nan logLmax: -25965.44
01-28 12:01 nessai INFO    : Checkpointing nested sampling
01-28 12:01 nessai INFO    : it:  1383: n eval: 5000 H: nan dlogZ: 554.373 logZ: -26521.192 +/- nan logLmax: -25965.44
01-28 12:29 nessai INFO    : Checkpointing nested sampling
01-28 12:29 nessai INFO    : it:  1600: n eval: 6000 H: nan dlogZ: 404.694 logZ: -26371.729 +/- nan logLmax: -25965.44
01-28 12:56 nessai INFO    : Checkpointing nested sampling
01-28 12:56 nessai INFO    : it:  1788: n eval: 7000 H: nan dlogZ: 312.526 logZ: -26279.750 +/- nan logLmax: -25965.44
01-28 13:21 nessai INFO    : Checkpointing nested sampling
01-28 13:21 nessai INFO    : it:  1916: n eval: 8000 H: nan dlogZ: 262.656 logZ: -26230.008 +/- nan logLmax: -25965.44
01-28 13:21 nessai INFO    : it:  2000: Rolling KS test: D=0.033, p-value=0.1108
01-28 13:21 nessai INFO    : Switching to FlowProposal
01-28 14:26 nessai INFO    : Checkpointing nested sampling
01-28 14:26 nessai INFO    : it:  2001: n eval: 10353 H: nan dlogZ: 234.381 logZ: -26201.818 +/- nan logLmax: -25965.44
01-28 15:14 nessai INFO    : Checkpointing nested sampling
01-28 15:14 nessai INFO    : it:  2826: n eval: 12039 H: nan dlogZ: 109.087 logZ: -26076.413 +/- nan logLmax: -25964.50
01-28 15:14 nessai INFO    : it:  3000: Rolling KS test: D=0.02, p-value=0.4434
01-28 16:08 nessai INFO    : Checkpointing nested sampling
01-28 16:08 nessai INFO    : it:  3369: n eval: 13882 H: nan dlogZ: 76.100 logZ: -26043.968 +/- nan logLmax: -25964.50
01-28 17:29 nessai INFO    : Checkpointing nested sampling
01-28 17:29 nessai INFO    : it:  3958: n eval: 15727 H: nan dlogZ: 53.923 logZ: -26021.316 +/- nan logLmax: -25963.44
01-28 17:29 nessai INFO    : it:  4000: Rolling KS test: D=0.014, p-value=0.6695
01-28 18:21 nessai INFO    : Checkpointing nested sampling
01-28 18:21 nessai INFO    : it:  4606: n eval: 17497 H: nan dlogZ: 36.663 logZ: -26004.704 +/- nan logLmax: -25963.44
01-28 18:21 nessai INFO    : it:  5000: Rolling KS test: D=0.011, p-value=0.7794
01-28 19:12 nessai INFO    : Checkpointing nested sampling
01-28 19:12 nessai INFO    : it:  5158: n eval: 19317 H: nan dlogZ: 29.412 logZ: -25995.944 +/- nan logLmax: -25961.38
01-28 20:06 nessai INFO    : Checkpointing nested sampling
01-28 20:06 nessai INFO    : it:  5683: n eval: 21248 H: nan dlogZ: 23.012 logZ: -25990.028 +/- nan logLmax: -25961.33
01-28 20:06 nessai INFO    : it:  6000: Rolling KS test: D=0.02, p-value=0.4434
01-28 20:55 nessai INFO    : Checkpointing nested sampling
01-28 20:55 nessai INFO    : it:  6239: n eval: 23275 H: nan dlogZ: 18.403 logZ: -25985.976 +/- nan logLmax: -25961.33
01-28 21:36 nessai INFO    : Checkpointing nested sampling
01-28 21:36 nessai INFO    : it:  6744: n eval: 25398 H: nan dlogZ: 15.178 logZ: -25983.256 +/- nan logLmax: -25961.33
01-28 21:36 nessai INFO    : it:  7000: Rolling KS test: D=0.019, p-value=0.4797
01-28 22:24 nessai INFO    : Checkpointing nested sampling
01-28 22:24 nessai INFO    : it:  7199: n eval: 27708 H: nan dlogZ: 13.896 logZ: -25981.394 +/- nan logLmax: -25960.30
01-28 23:17 nessai INFO    : Checkpointing nested sampling
01-28 23:17 nessai INFO    : it:  7659: n eval: 30244 H: nan dlogZ: 12.121 logZ: -25980.079 +/- nan logLmax: -25960.30
01-28 23:17 nessai INFO    : it:  8000: Rolling KS test: D=0.032, p-value=0.1263
01-29 00:11 nessai INFO    : Checkpointing nested sampling
01-29 00:11 nessai INFO    : it:  8135: n eval: 32851 H: nan dlogZ: 10.588 logZ: -25979.022 +/- nan logLmax: -25960.30
01-29 01:12 nessai INFO    : Checkpointing nested sampling
01-29 01:12 nessai INFO    : it:  8570: n eval: 35741 H: nan dlogZ: 9.400 logZ: -25978.269 +/- nan logLmax: -25960.30
01-29 01:12 nessai INFO    : it:  9000: Rolling KS test: D=0.008, p-value=0.8752
01-29 02:02 nessai INFO    : Checkpointing nested sampling
01-29 02:02 nessai INFO    : it:  9032: n eval: 38492 H: nan dlogZ: 8.378 logZ: -25977.564 +/- nan logLmax: -25960.16
01-29 02:57 nessai INFO    : Checkpointing nested sampling
01-29 02:57 nessai INFO    : it:  9464: n eval: 41528 H: nan dlogZ: 7.355 logZ: -25976.973 +/- nan logLmax: -25960.16
01-29 02:57 nessai INFO    : it: 10000: Rolling KS test: D=0.02, p-value=0.4434
01-29 03:45 nessai INFO    : Checkpointing nested sampling
01-29 03:45 nessai INFO    : it: 10013: n eval: 44196 H: nan dlogZ: 6.076 logZ: -25976.241 +/- nan logLmax: -25960.16
01-29 04:23 nessai INFO    : Checkpointing nested sampling
01-29 04:23 nessai INFO    : it: 10686: n eval: 46319 H: nan dlogZ: 4.508 logZ: -25975.337 +/- nan logLmax: -25960.16
01-29 04:23 nessai INFO    : it: 11000: Rolling KS test: D=0.032, p-value=0.1263
01-29 05:00 nessai INFO    : Checkpointing nested sampling
01-29 05:00 nessai INFO    : it: 11264: n eval: 48337 H: nan dlogZ: 3.317 logZ: -25974.698 +/- nan logLmax: -25960.16
01-29 05:35 nessai INFO    : Checkpointing nested sampling
01-29 05:35 nessai INFO    : it: 11822: n eval: 50340 H: nan dlogZ: 2.626 logZ: -25974.247 +/- nan logLmax: -25959.87
01-29 05:35 nessai INFO    : it: 12000: Rolling KS test: D=0.025, p-value=0.2818
01-29 06:12 nessai INFO    : Checkpointing nested sampling
01-29 06:12 nessai INFO    : it: 12365: n eval: 52377 H: nan dlogZ: 1.997 logZ: -25973.920 +/- nan logLmax: -25959.70
01-29 06:51 nessai INFO    : Checkpointing nested sampling
01-29 06:51 nessai INFO    : it: 12875: n eval: 54584 H: nan dlogZ: 1.395 logZ: -25973.689 +/- nan logLmax: -25959.70
01-29 06:51 nessai INFO    : it: 13000: Rolling KS test: D=0.014, p-value=0.6695
01-29 07:31 nessai INFO    : Checkpointing nested sampling
01-29 07:31 nessai INFO    : it: 13387: n eval: 56817 H: nan dlogZ: 0.930 logZ: -25973.518 +/- nan logLmax: -25959.70
01-29 08:35 nessai INFO    : Checkpointing nested sampling
01-29 08:35 nessai INFO    : it: 13915: n eval: 59052 H: nan dlogZ: 0.585 logZ: -25973.390 +/- nan logLmax: -25959.70
01-29 08:35 nessai INFO    : it: 14000: Rolling KS test: D=0.014, p-value=0.6695
01-29 09:23 nessai INFO    : Checkpointing nested sampling
01-29 09:23 nessai INFO    : it: 14453: n eval: 61278 H: nan dlogZ: 0.353 logZ: -25973.298 +/- nan logLmax: -25959.70
01-29 09:23 nessai INFO    : it: 15000: Rolling KS test: D=0.046, p-value=0.01407
01-29 10:13 nessai INFO    : Checkpointing nested sampling
01-29 10:13 nessai INFO    : it: 15020: n eval: 63368 H: nan dlogZ: 0.203 logZ: -25973.233 +/- nan logLmax: -25959.70
01-29 11:07 nessai INFO    : Checkpointing nested sampling
01-29 11:07 nessai INFO    : it: 15562: n eval: 65427 H: nan dlogZ: 0.118 logZ: -25973.192 +/- nan logLmax: -25959.70
01-29 11:07 nessai INFO    : Stopping with dlogZ=0.100
01-29 11:07 nessai INFO    : Finalising
01-29 11:07 nessai INFO    : Final ln-evidence: -25973.119 +/- nan
01-29 11:07 nessai INFO    : Information: nan
01-29 11:07 nessai INFO    : Final KS test: D=0.007419, p-value=0.1761
01-29 11:07 nessai INFO    : Checkpointing nested sampling
01-29 11:07 nessai INFO    : Total sampling time: 1 day, 1:02:22.720150
01-29 11:07 nessai INFO    : Total training time: 0:00:14.103575
01-29 11:07 nessai INFO    : Total population time: 3:50:57.401456
01-29 11:07 nessai INFO    : Total likelihood evaluations: 65427
01-29 11:07 nessai INFO    : Time spent evaluating likelihood: 1 day, 1:36:13.262096
01-29 11:07 nessai INFO    : Total sampling time: 1 day, 1:02:22.720150
01-29 11:07 nessai INFO    : Total likelihood evaluations: 65427
01-29 11:07 nessai INFO    : Starting post processing
01-29 11:07 nessai INFO    : Computing posterior samples
01-29 11:07 nessai INFO    : Effective sample size: 6055.9
01-29 11:07 nessai INFO    : Producing posterior samples using rejection sampling
01-29 11:07 nessai INFO    : Expect 4258.342576609555 samples from rejection sampling
01-29 11:07 nessai INFO    : Returned 4288 posterior samples
01-29 11:07 nessai INFO    : Starting to close worker pool.
01-29 11:07 nessai INFO    : Finished closing worker pool.
