01-26 17:50 nessai INFO    : Running Nessai version 0.14.0.post0
01-26 17:50 nessai INFO    : Starting multiprocessing pool with 4 processes
01-26 17:50 nessai WARNING : Using spawn start method for multiprocessing. This may lead to high memory usage or errors. Consider using the `fork` start method. See the multiprocessing documentation for more details.
01-26 17:50 nessai INFO    : Initialising nested sampler
01-26 17:51 nessai WARNING : Multiprocessing pool has already been configured.
01-26 17:51 nessai WARNING : Removing unused keyword arguments ({'enforce_likelihood_threshold', 'plot_chain', 'n_marg', 'n_accept', 'step_type', 'augment_dims', 'step_kwargs', 'n_steps', 'max_n_clusters', 'generate_augment', 'ensemble_fraction', 'plot_history', 'marginalise_augment'}) from kwargs for FlowProposal. These are valid keyword arguments but correspond to other proposal classes.
01-26 17:51 nessai INFO    : Passing kwargs to FlowProposal: {'training_config': None, 'poolsize': 1000, 'check_acceptance': False, 'max_poolsize_scale': 10, 'update_poolsize': True, 'accumulate_weights': False, 'save_training_data': False, 'reparameterisations': None, 'fallback_reparameterisation': 'zscore', 'use_default_reparameterisations': None, 'reverse_reparameterisations': False, 'map_to_unit_hypercube': False, 'latent_prior': 'truncated_gaussian', 'constant_volume_mode': True, 'volume_fraction': 0.95, 'fuzz': 1.0, 'fixed_radius': False, 'drawsize': None, 'truncate_log_q': False, 'expansion_fraction': 4.0, 'min_radius': False, 'max_radius': 50.0, 'compute_radius_with_all': False}
01-26 17:51 nessai WARNING : Signal handling is disabled. nessai will not automatically checkpoint when exited.
01-26 17:51 nessai INFO    : No reparameterisations provided, using default reparameterisations included in FlowProposal
01-26 17:51 nessai INFO    : Adding reparameterisations from: {}
01-26 17:51 nessai INFO    : Assuming fallback reparameterisation (ScaleAndShift) for ['H0', 'Om0', 'gamma', 'kappa', 'zp'] with kwargs: {'estimate_scale': True, 'estimate_shift': True, 'prior_bounds': {'H0': array([ 10., 240.]), 'Om0': array([0.1, 0.9]), 'gamma': array([ 0., 12.]), 'kappa': array([ 0., 12.]), 'zp': array([0., 4.])}}.
01-26 17:51 nessai INFO    : x space parameters: ['H0', 'Om0', 'gamma', 'kappa', 'zp']
01-26 17:51 nessai INFO    : x prime space parameters: ['H0_prime', 'Om0_prime', 'gamma_prime', 'kappa_prime', 'zp_prime']
01-26 17:51 nessai INFO    : Overwriting fuzz factor with expansion fraction
01-26 17:51 nessai INFO    : New fuzz factor: 1.379729661461215
01-26 17:51 nessai INFO    : Verifying rescaling functions
01-26 17:51 nessai INFO    : Rescaling functions are invertible
01-26 17:51 nessai INFO    : Populating initial live points
01-26 18:11 nessai INFO    : Populated 100 / 1000 live points
01-26 18:11 nessai INFO    : Populated 200 / 1000 live points
01-26 18:11 nessai INFO    : Populated 300 / 1000 live points
01-26 18:11 nessai INFO    : Populated 400 / 1000 live points
01-26 18:11 nessai INFO    : Populated 500 / 1000 live points
01-26 18:11 nessai INFO    : Populated 600 / 1000 live points
01-26 18:11 nessai INFO    : Populated 700 / 1000 live points
01-26 18:11 nessai INFO    : Populated 800 / 1000 live points
01-26 18:11 nessai INFO    : Populated 900 / 1000 live points
01-26 18:11 nessai INFO    : Populated 1000 / 1000 live points
01-26 18:11 nessai INFO    : Starting nested sampling loop
01-26 18:32 nessai INFO    : Checkpointing nested sampling
01-26 18:32 nessai INFO    : it:     1: n eval: 2000 H: 0.00 dlogZ: 179769313486231570814527423731704356798070567525844996598917476803157260780028538760589558632766878171540458953514382464234321326889464182768467546703537516986049910576551282076245490090389328944075868508455133942304583236903222948165808559332123348274797826204144723168738177180919299881250404026184124858368.000 logZ: -179769313486231570814527423731704356798070567525844996598917476803157260780028538760589558632766878171540458953514382464234321326889464182768467546703537516986049910576551282076245490090389328944075868508455133942304583236903222948165808559332123348274797826204144723168738177180919299881250404026184124858368.000 +/- 0.000 logLmax: -25720.29
01-26 18:32 nessai WARNING : NS integrator received non-monotonic logL.-179769313486231570814527423731704356798070567525844996598917476803157260780028538760589558632766878171540458953514382464234321326889464182768467546703537516986049910576551282076245490090389328944075868508455133942304583236903222948165808559332123348274797826204144723168738177180919299881250404026184124858368.00000 -> -179769313486231570814527423731704356798070567525844996598917476803157260780028538760589558632766878171540458953514382464234321326889464182768467546703537516986049910576551282076245490090389328944075868508455133942304583236903222948165808559332123348274797826204144723168738177180919299881250404026184124858368.00000
01-26 18:32 nessai WARNING : NS integrator received non-monotonic logL.-179769313486231570814527423731704356798070567525844996598917476803157260780028538760589558632766878171540458953514382464234321326889464182768467546703537516986049910576551282076245490090389328944075868508455133942304583236903222948165808559332123348274797826204144723168738177180919299881250404026184124858368.00000 -> -179769313486231570814527423731704356798070567525844996598917476803157260780028538760589558632766878171540458953514382464234321326889464182768467546703537516986049910576551282076245490090389328944075868508455133942304583236903222948165808559332123348274797826204144723168738177180919299881250404026184124858368.00000
01-26 18:32 nessai WARNING : NS integrator received non-monotonic logL.-179769313486231570814527423731704356798070567525844996598917476803157260780028538760589558632766878171540458953514382464234321326889464182768467546703537516986049910576551282076245490090389328944075868508455133942304583236903222948165808559332123348274797826204144723168738177180919299881250404026184124858368.00000 -> -179769313486231570814527423731704356798070567525844996598917476803157260780028538760589558632766878171540458953514382464234321326889464182768467546703537516986049910576551282076245490090389328944075868508455133942304583236903222948165808559332123348274797826204144723168738177180919299881250404026184124858368.00000
01-26 18:32 nessai WARNING : NS integrator received non-monotonic logL.-179769313486231570814527423731704356798070567525844996598917476803157260780028538760589558632766878171540458953514382464234321326889464182768467546703537516986049910576551282076245490090389328944075868508455133942304583236903222948165808559332123348274797826204144723168738177180919299881250404026184124858368.00000 -> -179769313486231570814527423731704356798070567525844996598917476803157260780028538760589558632766878171540458953514382464234321326889464182768467546703537516986049910576551282076245490090389328944075868508455133942304583236903222948165808559332123348274797826204144723168738177180919299881250404026184124858368.00000
01-26 18:32 nessai WARNING : NS integrator received non-monotonic logL.-179769313486231570814527423731704356798070567525844996598917476803157260780028538760589558632766878171540458953514382464234321326889464182768467546703537516986049910576551282076245490090389328944075868508455133942304583236903222948165808559332123348274797826204144723168738177180919299881250404026184124858368.00000 -> -179769313486231570814527423731704356798070567525844996598917476803157260780028538760589558632766878171540458953514382464234321326889464182768467546703537516986049910576551282076245490090389328944075868508455133942304583236903222948165808559332123348274797826204144723168738177180919299881250404026184124858368.00000
01-26 18:32 nessai WARNING : NS integrator received non-monotonic logL.-179769313486231570814527423731704356798070567525844996598917476803157260780028538760589558632766878171540458953514382464234321326889464182768467546703537516986049910576551282076245490090389328944075868508455133942304583236903222948165808559332123348274797826204144723168738177180919299881250404026184124858368.00000 -> -179769313486231570814527423731704356798070567525844996598917476803157260780028538760589558632766878171540458953514382464234321326889464182768467546703537516986049910576551282076245490090389328944075868508455133942304583236903222948165808559332123348274797826204144723168738177180919299881250404026184124858368.00000
01-26 18:32 nessai WARNING : NS integrator received non-monotonic logL.-179769313486231570814527423731704356798070567525844996598917476803157260780028538760589558632766878171540458953514382464234321326889464182768467546703537516986049910576551282076245490090389328944075868508455133942304583236903222948165808559332123348274797826204144723168738177180919299881250404026184124858368.00000 -> -179769313486231570814527423731704356798070567525844996598917476803157260780028538760589558632766878171540458953514382464234321326889464182768467546703537516986049910576551282076245490090389328944075868508455133942304583236903222948165808559332123348274797826204144723168738177180919299881250404026184124858368.00000
01-26 18:32 nessai WARNING : NS integrator received non-monotonic logL.-179769313486231570814527423731704356798070567525844996598917476803157260780028538760589558632766878171540458953514382464234321326889464182768467546703537516986049910576551282076245490090389328944075868508455133942304583236903222948165808559332123348274797826204144723168738177180919299881250404026184124858368.00000 -> -179769313486231570814527423731704356798070567525844996598917476803157260780028538760589558632766878171540458953514382464234321326889464182768467546703537516986049910576551282076245490090389328944075868508455133942304583236903222948165808559332123348274797826204144723168738177180919299881250404026184124858368.00000
01-26 18:32 nessai WARNING : NS integrator received non-monotonic logL.-179769313486231570814527423731704356798070567525844996598917476803157260780028538760589558632766878171540458953514382464234321326889464182768467546703537516986049910576551282076245490090389328944075868508455133942304583236903222948165808559332123348274797826204144723168738177180919299881250404026184124858368.00000 -> -179769313486231570814527423731704356798070567525844996598917476803157260780028538760589558632766878171540458953514382464234321326889464182768467546703537516986049910576551282076245490090389328944075868508455133942304583236903222948165808559332123348274797826204144723168738177180919299881250404026184124858368.00000
01-26 18:32 nessai WARNING : NS integrator received non-monotonic logL.-179769313486231570814527423731704356798070567525844996598917476803157260780028538760589558632766878171540458953514382464234321326889464182768467546703537516986049910576551282076245490090389328944075868508455133942304583236903222948165808559332123348274797826204144723168738177180919299881250404026184124858368.00000 -> -179769313486231570814527423731704356798070567525844996598917476803157260780028538760589558632766878171540458953514382464234321326889464182768467546703537516986049910576551282076245490090389328944075868508455133942304583236903222948165808559332123348274797826204144723168738177180919299881250404026184124858368.00000
01-26 18:32 nessai WARNING : NS integrator received non-monotonic logL.-179769313486231570814527423731704356798070567525844996598917476803157260780028538760589558632766878171540458953514382464234321326889464182768467546703537516986049910576551282076245490090389328944075868508455133942304583236903222948165808559332123348274797826204144723168738177180919299881250404026184124858368.00000 -> -179769313486231570814527423731704356798070567525844996598917476803157260780028538760589558632766878171540458953514382464234321326889464182768467546703537516986049910576551282076245490090389328944075868508455133942304583236903222948165808559332123348274797826204144723168738177180919299881250404026184124858368.00000
01-26 18:32 nessai WARNING : NS integrator received non-monotonic logL.-179769313486231570814527423731704356798070567525844996598917476803157260780028538760589558632766878171540458953514382464234321326889464182768467546703537516986049910576551282076245490090389328944075868508455133942304583236903222948165808559332123348274797826204144723168738177180919299881250404026184124858368.00000 -> -179769313486231570814527423731704356798070567525844996598917476803157260780028538760589558632766878171540458953514382464234321326889464182768467546703537516986049910576551282076245490090389328944075868508455133942304583236903222948165808559332123348274797826204144723168738177180919299881250404026184124858368.00000
01-26 18:32 nessai WARNING : NS integrator received non-monotonic logL.-179769313486231570814527423731704356798070567525844996598917476803157260780028538760589558632766878171540458953514382464234321326889464182768467546703537516986049910576551282076245490090389328944075868508455133942304583236903222948165808559332123348274797826204144723168738177180919299881250404026184124858368.00000 -> -179769313486231570814527423731704356798070567525844996598917476803157260780028538760589558632766878171540458953514382464234321326889464182768467546703537516986049910576551282076245490090389328944075868508455133942304583236903222948165808559332123348274797826204144723168738177180919299881250404026184124858368.00000
01-26 18:32 nessai WARNING : NS integrator received non-monotonic logL.-179769313486231570814527423731704356798070567525844996598917476803157260780028538760589558632766878171540458953514382464234321326889464182768467546703537516986049910576551282076245490090389328944075868508455133942304583236903222948165808559332123348274797826204144723168738177180919299881250404026184124858368.00000 -> -179769313486231570814527423731704356798070567525844996598917476803157260780028538760589558632766878171540458953514382464234321326889464182768467546703537516986049910576551282076245490090389328944075868508455133942304583236903222948165808559332123348274797826204144723168738177180919299881250404026184124858368.00000
01-26 18:32 nessai WARNING : NS integrator received non-monotonic logL.-179769313486231570814527423731704356798070567525844996598917476803157260780028538760589558632766878171540458953514382464234321326889464182768467546703537516986049910576551282076245490090389328944075868508455133942304583236903222948165808559332123348274797826204144723168738177180919299881250404026184124858368.00000 -> -179769313486231570814527423731704356798070567525844996598917476803157260780028538760589558632766878171540458953514382464234321326889464182768467546703537516986049910576551282076245490090389328944075868508455133942304583236903222948165808559332123348274797826204144723168738177180919299881250404026184124858368.00000
01-26 18:32 nessai WARNING : NS integrator received non-monotonic logL.-179769313486231570814527423731704356798070567525844996598917476803157260780028538760589558632766878171540458953514382464234321326889464182768467546703537516986049910576551282076245490090389328944075868508455133942304583236903222948165808559332123348274797826204144723168738177180919299881250404026184124858368.00000 -> -179769313486231570814527423731704356798070567525844996598917476803157260780028538760589558632766878171540458953514382464234321326889464182768467546703537516986049910576551282076245490090389328944075868508455133942304583236903222948165808559332123348274797826204144723168738177180919299881250404026184124858368.00000
01-26 18:32 nessai WARNING : NS integrator received non-monotonic logL.-179769313486231570814527423731704356798070567525844996598917476803157260780028538760589558632766878171540458953514382464234321326889464182768467546703537516986049910576551282076245490090389328944075868508455133942304583236903222948165808559332123348274797826204144723168738177180919299881250404026184124858368.00000 -> -179769313486231570814527423731704356798070567525844996598917476803157260780028538760589558632766878171540458953514382464234321326889464182768467546703537516986049910576551282076245490090389328944075868508455133942304583236903222948165808559332123348274797826204144723168738177180919299881250404026184124858368.00000
01-26 18:32 nessai WARNING : NS integrator received non-monotonic logL.-179769313486231570814527423731704356798070567525844996598917476803157260780028538760589558632766878171540458953514382464234321326889464182768467546703537516986049910576551282076245490090389328944075868508455133942304583236903222948165808559332123348274797826204144723168738177180919299881250404026184124858368.00000 -> -179769313486231570814527423731704356798070567525844996598917476803157260780028538760589558632766878171540458953514382464234321326889464182768467546703537516986049910576551282076245490090389328944075868508455133942304583236903222948165808559332123348274797826204144723168738177180919299881250404026184124858368.00000
01-26 18:32 nessai WARNING : NS integrator received non-monotonic logL.-179769313486231570814527423731704356798070567525844996598917476803157260780028538760589558632766878171540458953514382464234321326889464182768467546703537516986049910576551282076245490090389328944075868508455133942304583236903222948165808559332123348274797826204144723168738177180919299881250404026184124858368.00000 -> -179769313486231570814527423731704356798070567525844996598917476803157260780028538760589558632766878171540458953514382464234321326889464182768467546703537516986049910576551282076245490090389328944075868508455133942304583236903222948165808559332123348274797826204144723168738177180919299881250404026184124858368.00000
01-26 18:32 nessai WARNING : NS integrator received non-monotonic logL.-179769313486231570814527423731704356798070567525844996598917476803157260780028538760589558632766878171540458953514382464234321326889464182768467546703537516986049910576551282076245490090389328944075868508455133942304583236903222948165808559332123348274797826204144723168738177180919299881250404026184124858368.00000 -> -179769313486231570814527423731704356798070567525844996598917476803157260780028538760589558632766878171540458953514382464234321326889464182768467546703537516986049910576551282076245490090389328944075868508455133942304583236903222948165808559332123348274797826204144723168738177180919299881250404026184124858368.00000
01-26 18:32 nessai WARNING : NS integrator received non-monotonic logL.-179769313486231570814527423731704356798070567525844996598917476803157260780028538760589558632766878171540458953514382464234321326889464182768467546703537516986049910576551282076245490090389328944075868508455133942304583236903222948165808559332123348274797826204144723168738177180919299881250404026184124858368.00000 -> -179769313486231570814527423731704356798070567525844996598917476803157260780028538760589558632766878171540458953514382464234321326889464182768467546703537516986049910576551282076245490090389328944075868508455133942304583236903222948165808559332123348274797826204144723168738177180919299881250404026184124858368.00000
01-26 18:32 nessai WARNING : NS integrator received non-monotonic logL.-179769313486231570814527423731704356798070567525844996598917476803157260780028538760589558632766878171540458953514382464234321326889464182768467546703537516986049910576551282076245490090389328944075868508455133942304583236903222948165808559332123348274797826204144723168738177180919299881250404026184124858368.00000 -> -179769313486231570814527423731704356798070567525844996598917476803157260780028538760589558632766878171540458953514382464234321326889464182768467546703537516986049910576551282076245490090389328944075868508455133942304583236903222948165808559332123348274797826204144723168738177180919299881250404026184124858368.00000
01-26 18:32 nessai WARNING : NS integrator received non-monotonic logL.-179769313486231570814527423731704356798070567525844996598917476803157260780028538760589558632766878171540458953514382464234321326889464182768467546703537516986049910576551282076245490090389328944075868508455133942304583236903222948165808559332123348274797826204144723168738177180919299881250404026184124858368.00000 -> -179769313486231570814527423731704356798070567525844996598917476803157260780028538760589558632766878171540458953514382464234321326889464182768467546703537516986049910576551282076245490090389328944075868508455133942304583236903222948165808559332123348274797826204144723168738177180919299881250404026184124858368.00000
01-26 18:32 nessai WARNING : NS integrator received non-monotonic logL.-179769313486231570814527423731704356798070567525844996598917476803157260780028538760589558632766878171540458953514382464234321326889464182768467546703537516986049910576551282076245490090389328944075868508455133942304583236903222948165808559332123348274797826204144723168738177180919299881250404026184124858368.00000 -> -179769313486231570814527423731704356798070567525844996598917476803157260780028538760589558632766878171540458953514382464234321326889464182768467546703537516986049910576551282076245490090389328944075868508455133942304583236903222948165808559332123348274797826204144723168738177180919299881250404026184124858368.00000
01-26 18:32 nessai WARNING : NS integrator received non-monotonic logL.-179769313486231570814527423731704356798070567525844996598917476803157260780028538760589558632766878171540458953514382464234321326889464182768467546703537516986049910576551282076245490090389328944075868508455133942304583236903222948165808559332123348274797826204144723168738177180919299881250404026184124858368.00000 -> -179769313486231570814527423731704356798070567525844996598917476803157260780028538760589558632766878171540458953514382464234321326889464182768467546703537516986049910576551282076245490090389328944075868508455133942304583236903222948165808559332123348274797826204144723168738177180919299881250404026184124858368.00000
01-26 18:32 nessai WARNING : NS integrator received non-monotonic logL.-179769313486231570814527423731704356798070567525844996598917476803157260780028538760589558632766878171540458953514382464234321326889464182768467546703537516986049910576551282076245490090389328944075868508455133942304583236903222948165808559332123348274797826204144723168738177180919299881250404026184124858368.00000 -> -179769313486231570814527423731704356798070567525844996598917476803157260780028538760589558632766878171540458953514382464234321326889464182768467546703537516986049910576551282076245490090389328944075868508455133942304583236903222948165808559332123348274797826204144723168738177180919299881250404026184124858368.00000
01-26 18:32 nessai WARNING : NS integrator received non-monotonic logL.-179769313486231570814527423731704356798070567525844996598917476803157260780028538760589558632766878171540458953514382464234321326889464182768467546703537516986049910576551282076245490090389328944075868508455133942304583236903222948165808559332123348274797826204144723168738177180919299881250404026184124858368.00000 -> -179769313486231570814527423731704356798070567525844996598917476803157260780028538760589558632766878171540458953514382464234321326889464182768467546703537516986049910576551282076245490090389328944075868508455133942304583236903222948165808559332123348274797826204144723168738177180919299881250404026184124858368.00000
01-26 18:32 nessai WARNING : NS integrator received non-monotonic logL.-179769313486231570814527423731704356798070567525844996598917476803157260780028538760589558632766878171540458953514382464234321326889464182768467546703537516986049910576551282076245490090389328944075868508455133942304583236903222948165808559332123348274797826204144723168738177180919299881250404026184124858368.00000 -> -179769313486231570814527423731704356798070567525844996598917476803157260780028538760589558632766878171540458953514382464234321326889464182768467546703537516986049910576551282076245490090389328944075868508455133942304583236903222948165808559332123348274797826204144723168738177180919299881250404026184124858368.00000
01-26 18:53 nessai INFO    : Checkpointing nested sampling
01-26 18:53 nessai INFO    : it:   666: n eval: 3000 H: nan dlogZ: 1647.800 logZ: -27367.177 +/- nan logLmax: -25718.71
01-26 18:53 nessai INFO    : it:  1000: Rolling KS test: D=0.019, p-value=0.4797
01-26 19:15 nessai INFO    : Checkpointing nested sampling
01-26 19:15 nessai INFO    : it:  1068: n eval: 4000 H: nan dlogZ: 786.624 logZ: -26506.403 +/- nan logLmax: -25718.71
01-26 19:37 nessai INFO    : Checkpointing nested sampling
01-26 19:37 nessai INFO    : it:  1349: n eval: 5000 H: nan dlogZ: 506.762 logZ: -26226.822 +/- nan logLmax: -25718.71
01-26 19:58 nessai INFO    : Checkpointing nested sampling
01-26 19:58 nessai INFO    : it:  1581: n eval: 6000 H: nan dlogZ: 367.398 logZ: -26087.690 +/- nan logLmax: -25718.71
01-26 20:19 nessai INFO    : Checkpointing nested sampling
01-26 20:19 nessai INFO    : it:  1750: n eval: 7000 H: nan dlogZ: 301.551 logZ: -26021.833 +/- nan logLmax: -25718.53
01-26 20:40 nessai INFO    : Checkpointing nested sampling
01-26 20:40 nessai INFO    : it:  1903: n eval: 8000 H: nan dlogZ: 252.045 logZ: -25972.479 +/- nan logLmax: -25718.53
01-26 20:40 nessai INFO    : it:  2000: Rolling KS test: D=0.015, p-value=0.6313
01-26 20:40 nessai INFO    : Switching to FlowProposal
01-26 21:29 nessai INFO    : Checkpointing nested sampling
01-26 21:29 nessai INFO    : it:  2001: n eval: 10339 H: nan dlogZ: 226.929 logZ: -25946.382 +/- nan logLmax: -25717.45
01-26 22:03 nessai INFO    : Checkpointing nested sampling
01-26 22:03 nessai INFO    : it:  2871: n eval: 12009 H: nan dlogZ: 109.323 logZ: -25829.646 +/- nan logLmax: -25717.45
01-26 22:03 nessai INFO    : it:  3000: Rolling KS test: D=0.024, p-value=0.311
01-26 22:35 nessai INFO    : Checkpointing nested sampling
01-26 22:35 nessai INFO    : it:  3501: n eval: 13661 H: nan dlogZ: 68.330 logZ: -25788.901 +/- nan logLmax: -25717.07
01-26 22:35 nessai INFO    : it:  4000: Rolling KS test: D=0.017, p-value=0.5547
01-26 23:05 nessai INFO    : Checkpointing nested sampling
01-26 23:05 nessai INFO    : it:  4201: n eval: 15217 H: nan dlogZ: 42.503 logZ: -25763.509 +/- nan logLmax: -25716.81
01-26 23:35 nessai INFO    : Checkpointing nested sampling
01-26 23:35 nessai INFO    : it:  4846: n eval: 16816 H: nan dlogZ: 29.220 logZ: -25749.927 +/- nan logLmax: -25715.86
01-26 23:35 nessai INFO    : it:  5000: Rolling KS test: D=0.014, p-value=0.6695
01-27 00:09 nessai INFO    : Checkpointing nested sampling
01-27 00:09 nessai INFO    : it:  5419: n eval: 18570 H: nan dlogZ: 21.975 logZ: -25742.269 +/- nan logLmax: -25714.88
01-27 00:47 nessai INFO    : Checkpointing nested sampling
01-27 00:47 nessai INFO    : it:  5957: n eval: 20511 H: nan dlogZ: 17.526 logZ: -25737.213 +/- nan logLmax: -25713.73
01-27 00:47 nessai INFO    : it:  6000: Rolling KS test: D=0.029, p-value=0.1825
01-27 01:24 nessai INFO    : Checkpointing nested sampling
01-27 01:24 nessai INFO    : it:  6553: n eval: 22410 H: nan dlogZ: 13.115 logZ: -25733.399 +/- nan logLmax: -25713.73
01-27 01:24 nessai INFO    : it:  7000: Rolling KS test: D=0.028, p-value=0.2046
01-27 02:02 nessai INFO    : Checkpointing nested sampling
01-27 02:02 nessai INFO    : it:  7086: n eval: 24375 H: nan dlogZ: 10.581 logZ: -25730.947 +/- nan logLmax: -25713.28
01-27 02:40 nessai INFO    : Checkpointing nested sampling
01-27 02:40 nessai INFO    : it:  7634: n eval: 26336 H: nan dlogZ: 8.311 logZ: -25729.224 +/- nan logLmax: -25713.28
01-27 02:40 nessai INFO    : it:  8000: Rolling KS test: D=0.015, p-value=0.6313
01-27 03:23 nessai INFO    : Checkpointing nested sampling
01-27 03:23 nessai INFO    : it:  8079: n eval: 28562 H: nan dlogZ: 6.923 logZ: -25728.281 +/- nan logLmax: -25713.28
01-27 04:06 nessai INFO    : Checkpointing nested sampling
01-27 04:06 nessai INFO    : it:  8626: n eval: 30773 H: nan dlogZ: 6.196 logZ: -25727.471 +/- nan logLmax: -25712.65
01-27 04:06 nessai INFO    : it:  9000: Rolling KS test: D=0.05, p-value=0.006506
01-27 04:52 nessai INFO    : Checkpointing nested sampling
01-27 04:52 nessai INFO    : it:  9118: n eval: 33144 H: nan dlogZ: 5.166 logZ: -25726.928 +/- nan logLmax: -25712.65
01-27 05:45 nessai INFO    : Checkpointing nested sampling
01-27 05:45 nessai INFO    : it:  9478: n eval: 36128 H: nan dlogZ: 4.487 logZ: -25726.604 +/- nan logLmax: -25712.65
01-27 06:33 nessai INFO    : Checkpointing nested sampling
01-27 06:33 nessai INFO    : it:  9977: n eval: 38853 H: nan dlogZ: 3.643 logZ: -25726.244 +/- nan logLmax: -25712.65
01-27 06:33 nessai INFO    : it: 10000: Rolling KS test: D=0.016, p-value=0.593
01-27 07:27 nessai INFO    : Checkpointing nested sampling
01-27 07:27 nessai INFO    : it: 10397: n eval: 41644 H: nan dlogZ: 3.003 logZ: -25726.000 +/- nan logLmax: -25712.65
01-27 08:31 nessai INFO    : Checkpointing nested sampling
01-27 08:31 nessai INFO    : it: 10784: n eval: 44908 H: nan dlogZ: 2.472 logZ: -25725.818 +/- nan logLmax: -25712.65
01-27 08:31 nessai INFO    : it: 11000: Rolling KS test: D=0.021, p-value=0.4082
01-27 11:06 nessai INFO    : Checkpointing nested sampling
01-27 11:06 nessai INFO    : it: 11369: n eval: 47604 H: nan dlogZ: 1.775 logZ: -25725.608 +/- nan logLmax: -25712.65
01-27 12:49 nessai INFO    : Checkpointing nested sampling
01-27 12:49 nessai INFO    : it: 11839: n eval: 50255 H: nan dlogZ: 1.305 logZ: -25725.478 +/- nan logLmax: -25712.65
01-27 12:49 nessai INFO    : it: 12000: Rolling KS test: D=0.02, p-value=0.4434
01-27 14:01 nessai INFO    : Checkpointing nested sampling
01-27 14:01 nessai INFO    : it: 12281: n eval: 53036 H: nan dlogZ: 1.064 logZ: -25725.384 +/- nan logLmax: -25712.46
01-27 15:15 nessai INFO    : Checkpointing nested sampling
01-27 15:15 nessai INFO    : it: 12756: n eval: 55654 H: nan dlogZ: 0.739 logZ: -25725.308 +/- nan logLmax: -25712.46
01-27 15:15 nessai INFO    : it: 13000: Rolling KS test: D=0.015, p-value=0.6313
01-27 16:44 nessai INFO    : Checkpointing nested sampling
01-27 16:44 nessai INFO    : it: 13196: n eval: 58431 H: nan dlogZ: 0.512 logZ: -25725.255 +/- nan logLmax: -25712.46
01-27 19:45 nessai INFO    : Checkpointing nested sampling
01-27 19:45 nessai INFO    : it: 13368: n eval: 63518 H: nan dlogZ: 0.440 logZ: -25725.238 +/- nan logLmax: -25712.46
01-27 19:45 nessai INFO    : it: 14000: Rolling KS test: D=0.03, p-value=0.162
01-27 21:06 nessai INFO    : Checkpointing nested sampling
01-27 21:06 nessai INFO    : it: 14186: n eval: 66362 H: nan dlogZ: 0.207 logZ: -25725.176 +/- nan logLmax: -25712.46
01-27 21:48 nessai INFO    : Checkpointing nested sampling
01-27 21:48 nessai INFO    : it: 14864: n eval: 68570 H: nan dlogZ: 0.107 logZ: -25725.144 +/- nan logLmax: -25712.46
01-27 21:48 nessai INFO    : Stopping with dlogZ=0.100
01-27 21:48 nessai INFO    : Finalising
01-27 21:48 nessai INFO    : Final ln-evidence: -25725.096 +/- nan
01-27 21:48 nessai INFO    : Information: nan
01-27 21:48 nessai INFO    : Final KS test: D=0.01154, p-value=0.01865
01-27 21:48 nessai WARNING : Final p-value for the insertion indices is less than 0.05, this could be an indication of problems during sampling. Consider checking the diagnostic plots.
01-27 21:48 nessai INFO    : Checkpointing nested sampling
01-27 21:48 nessai INFO    : Total sampling time: 1 day, 3:36:50.829101
01-27 21:48 nessai INFO    : Total training time: 0:00:21.016944
01-27 21:48 nessai INFO    : Total population time: 2:49:21.313029
01-27 21:48 nessai INFO    : Total likelihood evaluations: 68570
01-27 21:48 nessai INFO    : Time spent evaluating likelihood: 1 day, 3:56:04.029589
01-27 21:48 nessai INFO    : Total sampling time: 1 day, 3:36:50.829101
01-27 21:48 nessai INFO    : Total likelihood evaluations: 68570
01-27 21:48 nessai INFO    : Starting post processing
01-27 21:48 nessai INFO    : Computing posterior samples
01-27 21:48 nessai INFO    : Effective sample size: 6778.7
01-27 21:48 nessai INFO    : Producing posterior samples using rejection sampling
01-27 21:48 nessai INFO    : Expect 4714.737930974149 samples from rejection sampling
01-27 21:48 nessai INFO    : Returned 4779 posterior samples
01-27 21:48 nessai INFO    : Starting to close worker pool.
01-27 21:48 nessai INFO    : Finished closing worker pool.
