05-12 01:23 nessai INFO    : Running Nessai version 0.14.0.post0
05-12 01:23 nessai INFO    : Starting multiprocessing pool with 4 processes
05-12 01:23 nessai WARNING : Using spawn start method for multiprocessing. This may lead to high memory usage or errors. Consider using the `fork` start method. See the multiprocessing documentation for more details.
05-12 01:23 nessai INFO    : Initialising nested sampler
05-12 01:24 nessai WARNING : Multiprocessing pool has already been configured.
05-12 01:24 nessai WARNING : Removing unused keyword arguments ({'enforce_likelihood_threshold', 'augment_dims', 'ensemble_fraction', 'n_accept', 'step_kwargs', 'marginalise_augment', 'plot_history', 'generate_augment', 'max_n_clusters', 'n_steps', 'plot_chain', 'n_marg', 'step_type'}) from kwargs for FlowProposal. These are valid keyword arguments but correspond to other proposal classes.
05-12 01:24 nessai INFO    : Passing kwargs to FlowProposal: {'training_config': None, 'poolsize': 1000, 'check_acceptance': False, 'max_poolsize_scale': 10, 'update_poolsize': True, 'accumulate_weights': False, 'save_training_data': False, 'reparameterisations': None, 'fallback_reparameterisation': 'zscore', 'use_default_reparameterisations': None, 'reverse_reparameterisations': False, 'map_to_unit_hypercube': False, 'latent_prior': 'truncated_gaussian', 'constant_volume_mode': True, 'volume_fraction': 0.95, 'fuzz': 1.0, 'fixed_radius': False, 'drawsize': None, 'truncate_log_q': False, 'expansion_fraction': 4.0, 'min_radius': False, 'max_radius': 50.0, 'compute_radius_with_all': False}
05-12 01:24 nessai WARNING : Signal handling is disabled. nessai will not automatically checkpoint when exited.
05-12 01:24 nessai INFO    : No reparameterisations provided, using default reparameterisations included in FlowProposal
05-12 01:24 nessai INFO    : Adding reparameterisations from: {}
05-12 01:24 nessai INFO    : Assuming fallback reparameterisation (ScaleAndShift) for ['H0', 'Om0', 'gamma', 'kappa', 'zp'] with kwargs: {'estimate_scale': True, 'estimate_shift': True, 'prior_bounds': {'H0': array([ 10., 240.]), 'Om0': array([0.1, 0.9]), 'gamma': array([ 0., 12.]), 'kappa': array([ 0., 12.]), 'zp': array([0., 4.])}}.
05-12 01:24 nessai INFO    : x space parameters: ['H0', 'Om0', 'gamma', 'kappa', 'zp']
05-12 01:24 nessai INFO    : x prime space parameters: ['H0_prime', 'Om0_prime', 'gamma_prime', 'kappa_prime', 'zp_prime']
05-12 01:24 nessai INFO    : Overwriting fuzz factor with expansion fraction
05-12 01:24 nessai INFO    : New fuzz factor: 1.379729661461215
05-12 01:24 nessai INFO    : Verifying rescaling functions
05-12 01:24 nessai INFO    : Rescaling functions are invertible
05-12 01:24 nessai INFO    : Populating initial live points
05-12 01:46 nessai INFO    : Populated 100 / 1000 live points
05-12 01:46 nessai INFO    : Populated 200 / 1000 live points
05-12 01:46 nessai INFO    : Populated 300 / 1000 live points
05-12 01:46 nessai INFO    : Populated 400 / 1000 live points
05-12 01:46 nessai INFO    : Populated 500 / 1000 live points
05-12 01:46 nessai INFO    : Populated 600 / 1000 live points
05-12 01:46 nessai INFO    : Populated 700 / 1000 live points
05-12 01:46 nessai INFO    : Populated 800 / 1000 live points
05-12 01:46 nessai INFO    : Populated 900 / 1000 live points
05-12 01:46 nessai INFO    : Populated 1000 / 1000 live points
05-12 01:46 nessai INFO    : Starting nested sampling loop
05-12 02:06 nessai INFO    : Checkpointing nested sampling
05-12 02:06 nessai INFO    : it:     1: n eval: 2000 H: 0.00 dlogZ: 179769313486231570814527423731704356798070567525844996598917476803157260780028538760589558632766878171540458953514382464234321326889464182768467546703537516986049910576551282076245490090389328944075868508455133942304583236903222948165808559332123348274797826204144723168738177180919299881250404026184124858368.000 logZ: -179769313486231570814527423731704356798070567525844996598917476803157260780028538760589558632766878171540458953514382464234321326889464182768467546703537516986049910576551282076245490090389328944075868508455133942304583236903222948165808559332123348274797826204144723168738177180919299881250404026184124858368.000 +/- 0.000 logLmax: -26285.45
05-12 02:06 nessai WARNING : NS integrator received non-monotonic logL.-179769313486231570814527423731704356798070567525844996598917476803157260780028538760589558632766878171540458953514382464234321326889464182768467546703537516986049910576551282076245490090389328944075868508455133942304583236903222948165808559332123348274797826204144723168738177180919299881250404026184124858368.00000 -> -179769313486231570814527423731704356798070567525844996598917476803157260780028538760589558632766878171540458953514382464234321326889464182768467546703537516986049910576551282076245490090389328944075868508455133942304583236903222948165808559332123348274797826204144723168738177180919299881250404026184124858368.00000
05-12 02:06 nessai WARNING : NS integrator received non-monotonic logL.-179769313486231570814527423731704356798070567525844996598917476803157260780028538760589558632766878171540458953514382464234321326889464182768467546703537516986049910576551282076245490090389328944075868508455133942304583236903222948165808559332123348274797826204144723168738177180919299881250404026184124858368.00000 -> -179769313486231570814527423731704356798070567525844996598917476803157260780028538760589558632766878171540458953514382464234321326889464182768467546703537516986049910576551282076245490090389328944075868508455133942304583236903222948165808559332123348274797826204144723168738177180919299881250404026184124858368.00000
05-12 02:06 nessai WARNING : NS integrator received non-monotonic logL.-179769313486231570814527423731704356798070567525844996598917476803157260780028538760589558632766878171540458953514382464234321326889464182768467546703537516986049910576551282076245490090389328944075868508455133942304583236903222948165808559332123348274797826204144723168738177180919299881250404026184124858368.00000 -> -179769313486231570814527423731704356798070567525844996598917476803157260780028538760589558632766878171540458953514382464234321326889464182768467546703537516986049910576551282076245490090389328944075868508455133942304583236903222948165808559332123348274797826204144723168738177180919299881250404026184124858368.00000
05-12 02:06 nessai WARNING : NS integrator received non-monotonic logL.-179769313486231570814527423731704356798070567525844996598917476803157260780028538760589558632766878171540458953514382464234321326889464182768467546703537516986049910576551282076245490090389328944075868508455133942304583236903222948165808559332123348274797826204144723168738177180919299881250404026184124858368.00000 -> -179769313486231570814527423731704356798070567525844996598917476803157260780028538760589558632766878171540458953514382464234321326889464182768467546703537516986049910576551282076245490090389328944075868508455133942304583236903222948165808559332123348274797826204144723168738177180919299881250404026184124858368.00000
05-12 02:06 nessai WARNING : NS integrator received non-monotonic logL.-179769313486231570814527423731704356798070567525844996598917476803157260780028538760589558632766878171540458953514382464234321326889464182768467546703537516986049910576551282076245490090389328944075868508455133942304583236903222948165808559332123348274797826204144723168738177180919299881250404026184124858368.00000 -> -179769313486231570814527423731704356798070567525844996598917476803157260780028538760589558632766878171540458953514382464234321326889464182768467546703537516986049910576551282076245490090389328944075868508455133942304583236903222948165808559332123348274797826204144723168738177180919299881250404026184124858368.00000
05-12 02:06 nessai WARNING : NS integrator received non-monotonic logL.-179769313486231570814527423731704356798070567525844996598917476803157260780028538760589558632766878171540458953514382464234321326889464182768467546703537516986049910576551282076245490090389328944075868508455133942304583236903222948165808559332123348274797826204144723168738177180919299881250404026184124858368.00000 -> -179769313486231570814527423731704356798070567525844996598917476803157260780028538760589558632766878171540458953514382464234321326889464182768467546703537516986049910576551282076245490090389328944075868508455133942304583236903222948165808559332123348274797826204144723168738177180919299881250404026184124858368.00000
05-12 02:06 nessai WARNING : NS integrator received non-monotonic logL.-179769313486231570814527423731704356798070567525844996598917476803157260780028538760589558632766878171540458953514382464234321326889464182768467546703537516986049910576551282076245490090389328944075868508455133942304583236903222948165808559332123348274797826204144723168738177180919299881250404026184124858368.00000 -> -179769313486231570814527423731704356798070567525844996598917476803157260780028538760589558632766878171540458953514382464234321326889464182768467546703537516986049910576551282076245490090389328944075868508455133942304583236903222948165808559332123348274797826204144723168738177180919299881250404026184124858368.00000
05-12 02:06 nessai WARNING : NS integrator received non-monotonic logL.-179769313486231570814527423731704356798070567525844996598917476803157260780028538760589558632766878171540458953514382464234321326889464182768467546703537516986049910576551282076245490090389328944075868508455133942304583236903222948165808559332123348274797826204144723168738177180919299881250404026184124858368.00000 -> -179769313486231570814527423731704356798070567525844996598917476803157260780028538760589558632766878171540458953514382464234321326889464182768467546703537516986049910576551282076245490090389328944075868508455133942304583236903222948165808559332123348274797826204144723168738177180919299881250404026184124858368.00000
05-12 02:06 nessai WARNING : NS integrator received non-monotonic logL.-179769313486231570814527423731704356798070567525844996598917476803157260780028538760589558632766878171540458953514382464234321326889464182768467546703537516986049910576551282076245490090389328944075868508455133942304583236903222948165808559332123348274797826204144723168738177180919299881250404026184124858368.00000 -> -179769313486231570814527423731704356798070567525844996598917476803157260780028538760589558632766878171540458953514382464234321326889464182768467546703537516986049910576551282076245490090389328944075868508455133942304583236903222948165808559332123348274797826204144723168738177180919299881250404026184124858368.00000
05-12 02:06 nessai WARNING : NS integrator received non-monotonic logL.-179769313486231570814527423731704356798070567525844996598917476803157260780028538760589558632766878171540458953514382464234321326889464182768467546703537516986049910576551282076245490090389328944075868508455133942304583236903222948165808559332123348274797826204144723168738177180919299881250404026184124858368.00000 -> -179769313486231570814527423731704356798070567525844996598917476803157260780028538760589558632766878171540458953514382464234321326889464182768467546703537516986049910576551282076245490090389328944075868508455133942304583236903222948165808559332123348274797826204144723168738177180919299881250404026184124858368.00000
05-12 02:06 nessai WARNING : NS integrator received non-monotonic logL.-179769313486231570814527423731704356798070567525844996598917476803157260780028538760589558632766878171540458953514382464234321326889464182768467546703537516986049910576551282076245490090389328944075868508455133942304583236903222948165808559332123348274797826204144723168738177180919299881250404026184124858368.00000 -> -179769313486231570814527423731704356798070567525844996598917476803157260780028538760589558632766878171540458953514382464234321326889464182768467546703537516986049910576551282076245490090389328944075868508455133942304583236903222948165808559332123348274797826204144723168738177180919299881250404026184124858368.00000
05-12 02:06 nessai WARNING : NS integrator received non-monotonic logL.-179769313486231570814527423731704356798070567525844996598917476803157260780028538760589558632766878171540458953514382464234321326889464182768467546703537516986049910576551282076245490090389328944075868508455133942304583236903222948165808559332123348274797826204144723168738177180919299881250404026184124858368.00000 -> -179769313486231570814527423731704356798070567525844996598917476803157260780028538760589558632766878171540458953514382464234321326889464182768467546703537516986049910576551282076245490090389328944075868508455133942304583236903222948165808559332123348274797826204144723168738177180919299881250404026184124858368.00000
05-12 02:06 nessai WARNING : NS integrator received non-monotonic logL.-179769313486231570814527423731704356798070567525844996598917476803157260780028538760589558632766878171540458953514382464234321326889464182768467546703537516986049910576551282076245490090389328944075868508455133942304583236903222948165808559332123348274797826204144723168738177180919299881250404026184124858368.00000 -> -179769313486231570814527423731704356798070567525844996598917476803157260780028538760589558632766878171540458953514382464234321326889464182768467546703537516986049910576551282076245490090389328944075868508455133942304583236903222948165808559332123348274797826204144723168738177180919299881250404026184124858368.00000
05-12 02:06 nessai WARNING : NS integrator received non-monotonic logL.-179769313486231570814527423731704356798070567525844996598917476803157260780028538760589558632766878171540458953514382464234321326889464182768467546703537516986049910576551282076245490090389328944075868508455133942304583236903222948165808559332123348274797826204144723168738177180919299881250404026184124858368.00000 -> -179769313486231570814527423731704356798070567525844996598917476803157260780028538760589558632766878171540458953514382464234321326889464182768467546703537516986049910576551282076245490090389328944075868508455133942304583236903222948165808559332123348274797826204144723168738177180919299881250404026184124858368.00000
05-12 02:06 nessai WARNING : NS integrator received non-monotonic logL.-179769313486231570814527423731704356798070567525844996598917476803157260780028538760589558632766878171540458953514382464234321326889464182768467546703537516986049910576551282076245490090389328944075868508455133942304583236903222948165808559332123348274797826204144723168738177180919299881250404026184124858368.00000 -> -179769313486231570814527423731704356798070567525844996598917476803157260780028538760589558632766878171540458953514382464234321326889464182768467546703537516986049910576551282076245490090389328944075868508455133942304583236903222948165808559332123348274797826204144723168738177180919299881250404026184124858368.00000
05-12 02:06 nessai WARNING : NS integrator received non-monotonic logL.-179769313486231570814527423731704356798070567525844996598917476803157260780028538760589558632766878171540458953514382464234321326889464182768467546703537516986049910576551282076245490090389328944075868508455133942304583236903222948165808559332123348274797826204144723168738177180919299881250404026184124858368.00000 -> -179769313486231570814527423731704356798070567525844996598917476803157260780028538760589558632766878171540458953514382464234321326889464182768467546703537516986049910576551282076245490090389328944075868508455133942304583236903222948165808559332123348274797826204144723168738177180919299881250404026184124858368.00000
05-12 02:06 nessai WARNING : NS integrator received non-monotonic logL.-179769313486231570814527423731704356798070567525844996598917476803157260780028538760589558632766878171540458953514382464234321326889464182768467546703537516986049910576551282076245490090389328944075868508455133942304583236903222948165808559332123348274797826204144723168738177180919299881250404026184124858368.00000 -> -179769313486231570814527423731704356798070567525844996598917476803157260780028538760589558632766878171540458953514382464234321326889464182768467546703537516986049910576551282076245490090389328944075868508455133942304583236903222948165808559332123348274797826204144723168738177180919299881250404026184124858368.00000
05-12 02:06 nessai WARNING : NS integrator received non-monotonic logL.-179769313486231570814527423731704356798070567525844996598917476803157260780028538760589558632766878171540458953514382464234321326889464182768467546703537516986049910576551282076245490090389328944075868508455133942304583236903222948165808559332123348274797826204144723168738177180919299881250404026184124858368.00000 -> -179769313486231570814527423731704356798070567525844996598917476803157260780028538760589558632766878171540458953514382464234321326889464182768467546703537516986049910576551282076245490090389328944075868508455133942304583236903222948165808559332123348274797826204144723168738177180919299881250404026184124858368.00000
05-12 02:06 nessai WARNING : NS integrator received non-monotonic logL.-179769313486231570814527423731704356798070567525844996598917476803157260780028538760589558632766878171540458953514382464234321326889464182768467546703537516986049910576551282076245490090389328944075868508455133942304583236903222948165808559332123348274797826204144723168738177180919299881250404026184124858368.00000 -> -179769313486231570814527423731704356798070567525844996598917476803157260780028538760589558632766878171540458953514382464234321326889464182768467546703537516986049910576551282076245490090389328944075868508455133942304583236903222948165808559332123348274797826204144723168738177180919299881250404026184124858368.00000
05-12 02:06 nessai WARNING : NS integrator received non-monotonic logL.-179769313486231570814527423731704356798070567525844996598917476803157260780028538760589558632766878171540458953514382464234321326889464182768467546703537516986049910576551282076245490090389328944075868508455133942304583236903222948165808559332123348274797826204144723168738177180919299881250404026184124858368.00000 -> -179769313486231570814527423731704356798070567525844996598917476803157260780028538760589558632766878171540458953514382464234321326889464182768467546703537516986049910576551282076245490090389328944075868508455133942304583236903222948165808559332123348274797826204144723168738177180919299881250404026184124858368.00000
05-12 02:28 nessai INFO    : Checkpointing nested sampling
05-12 02:28 nessai INFO    : it:   689: n eval: 3000 H: nan dlogZ: 1680.541 logZ: -27966.682 +/- nan logLmax: -26285.45
05-12 02:28 nessai INFO    : it:  1000: Rolling KS test: D=0.008, p-value=0.8752
05-12 02:49 nessai INFO    : Checkpointing nested sampling
05-12 02:49 nessai INFO    : it:  1077: n eval: 4000 H: nan dlogZ: 860.470 logZ: -27146.999 +/- nan logLmax: -26285.45
05-12 03:13 nessai INFO    : Checkpointing nested sampling
05-12 03:13 nessai INFO    : it:  1362: n eval: 5000 H: nan dlogZ: 566.766 logZ: -26853.580 +/- nan logLmax: -26285.45
05-12 03:36 nessai INFO    : Checkpointing nested sampling
05-12 03:36 nessai INFO    : it:  1581: n eval: 6000 H: nan dlogZ: 423.791 logZ: -26710.824 +/- nan logLmax: -26285.45
05-12 03:59 nessai INFO    : Checkpointing nested sampling
05-12 03:59 nessai INFO    : it:  1765: n eval: 7000 H: nan dlogZ: 332.723 logZ: -26619.940 +/- nan logLmax: -26285.45
05-12 04:22 nessai INFO    : Checkpointing nested sampling
05-12 04:22 nessai INFO    : it:  1907: n eval: 8000 H: nan dlogZ: 280.436 logZ: -26567.795 +/- nan logLmax: -26285.45
05-12 04:22 nessai INFO    : it:  2000: Rolling KS test: D=0.024, p-value=0.311
05-12 04:22 nessai INFO    : Switching to FlowProposal
05-12 05:17 nessai INFO    : Checkpointing nested sampling
05-12 05:17 nessai INFO    : it:  2001: n eval: 10337 H: nan dlogZ: 249.762 logZ: -26537.215 +/- nan logLmax: -26285.45
05-12 05:57 nessai INFO    : Checkpointing nested sampling
05-12 05:57 nessai INFO    : it:  2838: n eval: 12067 H: nan dlogZ: 114.934 logZ: -26403.224 +/- nan logLmax: -26285.45
05-12 05:57 nessai INFO    : it:  3000: Rolling KS test: D=0.034, p-value=0.09683
05-12 06:35 nessai INFO    : Checkpointing nested sampling
05-12 06:35 nessai INFO    : it:  3512: n eval: 13686 H: nan dlogZ: 78.749 logZ: -26367.713 +/- nan logLmax: -26285.45
05-12 06:35 nessai INFO    : it:  4000: Rolling KS test: D=0.014, p-value=0.6695
05-12 07:18 nessai INFO    : Checkpointing nested sampling
05-12 07:18 nessai INFO    : it:  4035: n eval: 15567 H: nan dlogZ: 59.102 logZ: -26348.589 +/- nan logLmax: -26285.45
05-12 08:04 nessai INFO    : Checkpointing nested sampling
05-12 08:04 nessai INFO    : it:  4536: n eval: 17576 H: nan dlogZ: 46.647 logZ: -26336.635 +/- nan logLmax: -26285.45
05-12 08:04 nessai INFO    : it:  5000: Rolling KS test: D=0.019, p-value=0.4797
05-12 09:30 nessai INFO    : Checkpointing nested sampling
05-12 09:30 nessai INFO    : it:  5138: n eval: 19511 H: nan dlogZ: 37.464 logZ: -26326.814 +/- nan logLmax: -26284.21
05-12 10:23 nessai INFO    : Checkpointing nested sampling
05-12 10:23 nessai INFO    : it:  5649: n eval: 21590 H: nan dlogZ: 31.123 logZ: -26320.984 +/- nan logLmax: -26284.21
05-12 10:23 nessai INFO    : it:  6000: Rolling KS test: D=0.022, p-value=0.3744
05-12 11:25 nessai INFO    : Checkpointing nested sampling
05-12 11:25 nessai INFO    : it:  6122: n eval: 23833 H: nan dlogZ: 27.153 logZ: -26317.022 +/- nan logLmax: -26283.75
05-12 12:50 nessai INFO    : Checkpointing nested sampling
05-12 12:50 nessai INFO    : it:  6597: n eval: 26283 H: nan dlogZ: 23.462 logZ: -26313.805 +/- nan logLmax: -26283.75
05-12 14:33 nessai INFO    : Checkpointing nested sampling
05-12 14:33 nessai INFO    : it:  6972: n eval: 29151 H: nan dlogZ: 21.095 logZ: -26311.813 +/- nan logLmax: -26283.75
05-12 14:33 nessai INFO    : it:  7000: Rolling KS test: D=0.021, p-value=0.4082
05-12 15:54 nessai INFO    : Checkpointing nested sampling
05-12 15:54 nessai INFO    : it:  7393: n eval: 32361 H: nan dlogZ: 20.000 logZ: -26310.051 +/- nan logLmax: -26282.66
05-12 17:28 nessai INFO    : Checkpointing nested sampling
05-12 17:28 nessai INFO    : it:  7744: n eval: 36130 H: nan dlogZ: 18.399 logZ: -26308.801 +/- nan logLmax: -26282.66
05-12 17:28 nessai INFO    : it:  8000: Rolling KS test: D=0.001, p-value=0.9973
05-12 19:25 nessai INFO    : Checkpointing nested sampling
05-12 19:25 nessai INFO    : it:  8054: n eval: 40767 H: nan dlogZ: 17.132 logZ: -26307.844 +/- nan logLmax: -26282.66
05-12 23:44 nessai INFO    : Checkpointing nested sampling
05-12 23:44 nessai INFO    : it:  8334: n eval: 46290 H: nan dlogZ: 16.448 logZ: -26307.085 +/- nan logLmax: -26282.30
05-13 02:39 nessai INFO    : Checkpointing nested sampling
05-13 02:39 nessai INFO    : it:  8574: n eval: 53853 H: nan dlogZ: 16.296 logZ: -26306.452 +/- nan logLmax: -26281.58
05-13 05:04 nessai INFO    : Checkpointing nested sampling
05-13 05:04 nessai INFO    : it:  8964: n eval: 60164 H: nan dlogZ: 14.658 logZ: -26305.204 +/- nan logLmax: -26281.58
05-13 05:04 nessai INFO    : it:  9000: Rolling KS test: D=0.02, p-value=0.4434
05-13 06:30 nessai INFO    : Checkpointing nested sampling
05-13 06:30 nessai INFO    : it:  9652: n eval: 63936 H: nan dlogZ: 12.022 logZ: -26302.852 +/- nan logLmax: -26281.18
05-13 06:30 nessai INFO    : it: 10000: Rolling KS test: D=0.013, p-value=0.7071
05-13 07:17 nessai INFO    : Checkpointing nested sampling
05-13 07:17 nessai INFO    : it: 10665: n eval: 65984 H: nan dlogZ: 7.718 logZ: -26299.560 +/- nan logLmax: -26281.18
05-13 07:17 nessai INFO    : it: 11000: Rolling KS test: D=0.021, p-value=0.4082
05-13 08:01 nessai INFO    : Checkpointing nested sampling
05-13 08:01 nessai INFO    : it: 11285: n eval: 67879 H: nan dlogZ: 5.799 logZ: -26298.258 +/- nan logLmax: -26281.18
05-13 08:44 nessai INFO    : Checkpointing nested sampling
05-13 08:44 nessai INFO    : it: 11884: n eval: 69715 H: nan dlogZ: 4.319 logZ: -26297.368 +/- nan logLmax: -26281.18
05-13 08:44 nessai INFO    : it: 12000: Rolling KS test: D=0.023, p-value=0.3419
05-13 09:24 nessai INFO    : Checkpointing nested sampling
05-13 09:24 nessai INFO    : it: 12479: n eval: 71536 H: nan dlogZ: 3.217 logZ: -26296.725 +/- nan logLmax: -26281.07
05-13 09:24 nessai INFO    : it: 13000: Rolling KS test: D=0.028, p-value=0.2046
05-13 11:24 nessai INFO    : Checkpointing nested sampling
05-13 11:24 nessai INFO    : it: 13094: n eval: 73329 H: nan dlogZ: 2.197 logZ: -26296.243 +/- nan logLmax: -26281.07
05-13 12:05 nessai INFO    : Checkpointing nested sampling
05-13 12:05 nessai INFO    : it: 13717: n eval: 75082 H: nan dlogZ: 1.453 logZ: -26295.894 +/- nan logLmax: -26280.99
05-13 12:05 nessai INFO    : it: 14000: Rolling KS test: D=0.006, p-value=0.9268
05-13 14:33 nessai INFO    : Checkpointing nested sampling
05-13 14:33 nessai INFO    : it: 14288: n eval: 76850 H: nan dlogZ: 0.928 logZ: -26295.672 +/- nan logLmax: -26280.96
05-13 15:16 nessai INFO    : Checkpointing nested sampling
05-13 15:16 nessai INFO    : it: 14899: n eval: 78578 H: nan dlogZ: 0.536 logZ: -26295.513 +/- nan logLmax: -26280.96
05-13 15:16 nessai INFO    : it: 15000: Rolling KS test: D=0.033, p-value=0.1108
05-13 16:22 nessai INFO    : Checkpointing nested sampling
05-13 16:22 nessai INFO    : it: 15432: n eval: 80479 H: nan dlogZ: 0.322 logZ: -26295.421 +/- nan logLmax: -26280.96
05-13 16:22 nessai INFO    : it: 16000: Rolling KS test: D=0.034, p-value=0.09683
05-13 17:50 nessai INFO    : Checkpointing nested sampling
05-13 17:50 nessai INFO    : it: 16010: n eval: 82370 H: nan dlogZ: 0.182 logZ: -26295.356 +/- nan logLmax: -26280.96
05-13 18:54 nessai INFO    : Checkpointing nested sampling
05-13 18:54 nessai INFO    : it: 16609: n eval: 84176 H: nan dlogZ: 0.101 logZ: -26295.313 +/- nan logLmax: -26280.95
05-13 18:54 nessai INFO    : Stopping with dlogZ=0.100
05-13 18:54 nessai INFO    : Finalising
05-13 18:54 nessai INFO    : Final ln-evidence: -26295.247 +/- nan
05-13 18:54 nessai INFO    : Information: nan
05-13 18:54 nessai INFO    : Final KS test: D=0.004794, p-value=0.4643
05-13 18:54 nessai INFO    : Checkpointing nested sampling
05-13 18:54 nessai INFO    : Total sampling time: 1 day, 17:07:37.760671
05-13 18:54 nessai INFO    : Total training time: 0:00:13.792466
05-13 18:54 nessai INFO    : Total population time: 2:57:51.341338
05-13 18:54 nessai INFO    : Total likelihood evaluations: 84176
05-13 18:54 nessai INFO    : Time spent evaluating likelihood: 1 day, 17:28:37.277575
05-13 18:54 nessai INFO    : Total sampling time: 1 day, 17:07:37.760671
05-13 18:54 nessai INFO    : Total likelihood evaluations: 84176
05-13 18:54 nessai INFO    : Starting post processing
05-13 18:54 nessai INFO    : Computing posterior samples
05-13 18:54 nessai INFO    : Effective sample size: 5721.3
05-13 18:54 nessai INFO    : Producing posterior samples using rejection sampling
05-13 18:54 nessai INFO    : Expect 3960.6059558759953 samples from rejection sampling
05-13 18:54 nessai INFO    : Returned 3962 posterior samples
05-13 18:54 nessai INFO    : Starting to close worker pool.
05-13 18:54 nessai INFO    : Finished closing worker pool.
