05-10 17:06 nessai INFO    : Running Nessai version 0.14.0.post0
05-10 17:06 nessai INFO    : Starting multiprocessing pool with 4 processes
05-10 17:06 nessai WARNING : Using spawn start method for multiprocessing. This may lead to high memory usage or errors. Consider using the `fork` start method. See the multiprocessing documentation for more details.
05-10 17:06 nessai INFO    : Initialising nested sampler
05-10 17:07 nessai WARNING : Multiprocessing pool has already been configured.
05-10 17:07 nessai WARNING : Removing unused keyword arguments ({'marginalise_augment', 'plot_history', 'augment_dims', 'generate_augment', 'n_accept', 'enforce_likelihood_threshold', 'n_marg', 'max_n_clusters', 'step_kwargs', 'n_steps', 'ensemble_fraction', 'step_type', 'plot_chain'}) from kwargs for FlowProposal. These are valid keyword arguments but correspond to other proposal classes.
05-10 17:07 nessai INFO    : Passing kwargs to FlowProposal: {'training_config': None, 'poolsize': 1000, 'check_acceptance': False, 'max_poolsize_scale': 10, 'update_poolsize': True, 'accumulate_weights': False, 'save_training_data': False, 'reparameterisations': None, 'fallback_reparameterisation': 'zscore', 'use_default_reparameterisations': None, 'reverse_reparameterisations': False, 'map_to_unit_hypercube': False, 'latent_prior': 'truncated_gaussian', 'constant_volume_mode': True, 'volume_fraction': 0.95, 'fuzz': 1.0, 'fixed_radius': False, 'drawsize': None, 'truncate_log_q': False, 'expansion_fraction': 4.0, 'min_radius': False, 'max_radius': 50.0, 'compute_radius_with_all': False}
05-10 17:07 nessai WARNING : Signal handling is disabled. nessai will not automatically checkpoint when exited.
05-10 17:07 nessai INFO    : No reparameterisations provided, using default reparameterisations included in FlowProposal
05-10 17:07 nessai INFO    : Adding reparameterisations from: {}
05-10 17:07 nessai INFO    : Assuming fallback reparameterisation (ScaleAndShift) for ['H0', 'Om0', 'gamma', 'kappa', 'zp'] with kwargs: {'estimate_scale': True, 'estimate_shift': True, 'prior_bounds': {'H0': array([ 10., 240.]), 'Om0': array([0.1, 0.9]), 'gamma': array([ 0., 12.]), 'kappa': array([ 0., 12.]), 'zp': array([0., 4.])}}.
05-10 17:07 nessai INFO    : x space parameters: ['H0', 'Om0', 'gamma', 'kappa', 'zp']
05-10 17:07 nessai INFO    : x prime space parameters: ['H0_prime', 'Om0_prime', 'gamma_prime', 'kappa_prime', 'zp_prime']
05-10 17:07 nessai INFO    : Overwriting fuzz factor with expansion fraction
05-10 17:07 nessai INFO    : New fuzz factor: 1.379729661461215
05-10 17:07 nessai INFO    : Verifying rescaling functions
05-10 17:07 nessai INFO    : Rescaling functions are invertible
05-10 17:07 nessai INFO    : Populating initial live points
05-10 17:31 nessai INFO    : Populated 100 / 1000 live points
05-10 17:31 nessai INFO    : Populated 200 / 1000 live points
05-10 17:31 nessai INFO    : Populated 300 / 1000 live points
05-10 17:31 nessai INFO    : Populated 400 / 1000 live points
05-10 17:31 nessai INFO    : Populated 500 / 1000 live points
05-10 17:31 nessai INFO    : Populated 600 / 1000 live points
05-10 17:31 nessai INFO    : Populated 700 / 1000 live points
05-10 17:31 nessai INFO    : Populated 800 / 1000 live points
05-10 17:31 nessai INFO    : Populated 900 / 1000 live points
05-10 17:31 nessai INFO    : Populated 1000 / 1000 live points
05-10 17:31 nessai INFO    : Starting nested sampling loop
05-10 17:57 nessai INFO    : Checkpointing nested sampling
05-10 17:57 nessai INFO    : it:     1: n eval: 2000 H: 0.00 dlogZ: 179769313486231570814527423731704356798070567525844996598917476803157260780028538760589558632766878171540458953514382464234321326889464182768467546703537516986049910576551282076245490090389328944075868508455133942304583236903222948165808559332123348274797826204144723168738177180919299881250404026184124858368.000 logZ: -179769313486231570814527423731704356798070567525844996598917476803157260780028538760589558632766878171540458953514382464234321326889464182768467546703537516986049910576551282076245490090389328944075868508455133942304583236903222948165808559332123348274797826204144723168738177180919299881250404026184124858368.000 +/- 0.000 logLmax: -25229.43
05-10 17:57 nessai WARNING : NS integrator received non-monotonic logL.-179769313486231570814527423731704356798070567525844996598917476803157260780028538760589558632766878171540458953514382464234321326889464182768467546703537516986049910576551282076245490090389328944075868508455133942304583236903222948165808559332123348274797826204144723168738177180919299881250404026184124858368.00000 -> -179769313486231570814527423731704356798070567525844996598917476803157260780028538760589558632766878171540458953514382464234321326889464182768467546703537516986049910576551282076245490090389328944075868508455133942304583236903222948165808559332123348274797826204144723168738177180919299881250404026184124858368.00000
05-10 17:57 nessai WARNING : NS integrator received non-monotonic logL.-179769313486231570814527423731704356798070567525844996598917476803157260780028538760589558632766878171540458953514382464234321326889464182768467546703537516986049910576551282076245490090389328944075868508455133942304583236903222948165808559332123348274797826204144723168738177180919299881250404026184124858368.00000 -> -179769313486231570814527423731704356798070567525844996598917476803157260780028538760589558632766878171540458953514382464234321326889464182768467546703537516986049910576551282076245490090389328944075868508455133942304583236903222948165808559332123348274797826204144723168738177180919299881250404026184124858368.00000
05-10 17:57 nessai WARNING : NS integrator received non-monotonic logL.-179769313486231570814527423731704356798070567525844996598917476803157260780028538760589558632766878171540458953514382464234321326889464182768467546703537516986049910576551282076245490090389328944075868508455133942304583236903222948165808559332123348274797826204144723168738177180919299881250404026184124858368.00000 -> -179769313486231570814527423731704356798070567525844996598917476803157260780028538760589558632766878171540458953514382464234321326889464182768467546703537516986049910576551282076245490090389328944075868508455133942304583236903222948165808559332123348274797826204144723168738177180919299881250404026184124858368.00000
05-10 17:57 nessai WARNING : NS integrator received non-monotonic logL.-179769313486231570814527423731704356798070567525844996598917476803157260780028538760589558632766878171540458953514382464234321326889464182768467546703537516986049910576551282076245490090389328944075868508455133942304583236903222948165808559332123348274797826204144723168738177180919299881250404026184124858368.00000 -> -179769313486231570814527423731704356798070567525844996598917476803157260780028538760589558632766878171540458953514382464234321326889464182768467546703537516986049910576551282076245490090389328944075868508455133942304583236903222948165808559332123348274797826204144723168738177180919299881250404026184124858368.00000
05-10 17:57 nessai WARNING : NS integrator received non-monotonic logL.-179769313486231570814527423731704356798070567525844996598917476803157260780028538760589558632766878171540458953514382464234321326889464182768467546703537516986049910576551282076245490090389328944075868508455133942304583236903222948165808559332123348274797826204144723168738177180919299881250404026184124858368.00000 -> -179769313486231570814527423731704356798070567525844996598917476803157260780028538760589558632766878171540458953514382464234321326889464182768467546703537516986049910576551282076245490090389328944075868508455133942304583236903222948165808559332123348274797826204144723168738177180919299881250404026184124858368.00000
05-10 17:57 nessai WARNING : NS integrator received non-monotonic logL.-179769313486231570814527423731704356798070567525844996598917476803157260780028538760589558632766878171540458953514382464234321326889464182768467546703537516986049910576551282076245490090389328944075868508455133942304583236903222948165808559332123348274797826204144723168738177180919299881250404026184124858368.00000 -> -179769313486231570814527423731704356798070567525844996598917476803157260780028538760589558632766878171540458953514382464234321326889464182768467546703537516986049910576551282076245490090389328944075868508455133942304583236903222948165808559332123348274797826204144723168738177180919299881250404026184124858368.00000
05-10 17:57 nessai WARNING : NS integrator received non-monotonic logL.-179769313486231570814527423731704356798070567525844996598917476803157260780028538760589558632766878171540458953514382464234321326889464182768467546703537516986049910576551282076245490090389328944075868508455133942304583236903222948165808559332123348274797826204144723168738177180919299881250404026184124858368.00000 -> -179769313486231570814527423731704356798070567525844996598917476803157260780028538760589558632766878171540458953514382464234321326889464182768467546703537516986049910576551282076245490090389328944075868508455133942304583236903222948165808559332123348274797826204144723168738177180919299881250404026184124858368.00000
05-10 17:57 nessai WARNING : NS integrator received non-monotonic logL.-179769313486231570814527423731704356798070567525844996598917476803157260780028538760589558632766878171540458953514382464234321326889464182768467546703537516986049910576551282076245490090389328944075868508455133942304583236903222948165808559332123348274797826204144723168738177180919299881250404026184124858368.00000 -> -179769313486231570814527423731704356798070567525844996598917476803157260780028538760589558632766878171540458953514382464234321326889464182768467546703537516986049910576551282076245490090389328944075868508455133942304583236903222948165808559332123348274797826204144723168738177180919299881250404026184124858368.00000
05-10 17:57 nessai WARNING : NS integrator received non-monotonic logL.-179769313486231570814527423731704356798070567525844996598917476803157260780028538760589558632766878171540458953514382464234321326889464182768467546703537516986049910576551282076245490090389328944075868508455133942304583236903222948165808559332123348274797826204144723168738177180919299881250404026184124858368.00000 -> -179769313486231570814527423731704356798070567525844996598917476803157260780028538760589558632766878171540458953514382464234321326889464182768467546703537516986049910576551282076245490090389328944075868508455133942304583236903222948165808559332123348274797826204144723168738177180919299881250404026184124858368.00000
05-10 17:57 nessai WARNING : NS integrator received non-monotonic logL.-179769313486231570814527423731704356798070567525844996598917476803157260780028538760589558632766878171540458953514382464234321326889464182768467546703537516986049910576551282076245490090389328944075868508455133942304583236903222948165808559332123348274797826204144723168738177180919299881250404026184124858368.00000 -> -179769313486231570814527423731704356798070567525844996598917476803157260780028538760589558632766878171540458953514382464234321326889464182768467546703537516986049910576551282076245490090389328944075868508455133942304583236903222948165808559332123348274797826204144723168738177180919299881250404026184124858368.00000
05-10 17:57 nessai WARNING : NS integrator received non-monotonic logL.-179769313486231570814527423731704356798070567525844996598917476803157260780028538760589558632766878171540458953514382464234321326889464182768467546703537516986049910576551282076245490090389328944075868508455133942304583236903222948165808559332123348274797826204144723168738177180919299881250404026184124858368.00000 -> -179769313486231570814527423731704356798070567525844996598917476803157260780028538760589558632766878171540458953514382464234321326889464182768467546703537516986049910576551282076245490090389328944075868508455133942304583236903222948165808559332123348274797826204144723168738177180919299881250404026184124858368.00000
05-10 17:57 nessai WARNING : NS integrator received non-monotonic logL.-179769313486231570814527423731704356798070567525844996598917476803157260780028538760589558632766878171540458953514382464234321326889464182768467546703537516986049910576551282076245490090389328944075868508455133942304583236903222948165808559332123348274797826204144723168738177180919299881250404026184124858368.00000 -> -179769313486231570814527423731704356798070567525844996598917476803157260780028538760589558632766878171540458953514382464234321326889464182768467546703537516986049910576551282076245490090389328944075868508455133942304583236903222948165808559332123348274797826204144723168738177180919299881250404026184124858368.00000
05-10 17:57 nessai WARNING : NS integrator received non-monotonic logL.-179769313486231570814527423731704356798070567525844996598917476803157260780028538760589558632766878171540458953514382464234321326889464182768467546703537516986049910576551282076245490090389328944075868508455133942304583236903222948165808559332123348274797826204144723168738177180919299881250404026184124858368.00000 -> -179769313486231570814527423731704356798070567525844996598917476803157260780028538760589558632766878171540458953514382464234321326889464182768467546703537516986049910576551282076245490090389328944075868508455133942304583236903222948165808559332123348274797826204144723168738177180919299881250404026184124858368.00000
05-10 17:57 nessai WARNING : NS integrator received non-monotonic logL.-179769313486231570814527423731704356798070567525844996598917476803157260780028538760589558632766878171540458953514382464234321326889464182768467546703537516986049910576551282076245490090389328944075868508455133942304583236903222948165808559332123348274797826204144723168738177180919299881250404026184124858368.00000 -> -179769313486231570814527423731704356798070567525844996598917476803157260780028538760589558632766878171540458953514382464234321326889464182768467546703537516986049910576551282076245490090389328944075868508455133942304583236903222948165808559332123348274797826204144723168738177180919299881250404026184124858368.00000
05-10 17:57 nessai WARNING : NS integrator received non-monotonic logL.-179769313486231570814527423731704356798070567525844996598917476803157260780028538760589558632766878171540458953514382464234321326889464182768467546703537516986049910576551282076245490090389328944075868508455133942304583236903222948165808559332123348274797826204144723168738177180919299881250404026184124858368.00000 -> -179769313486231570814527423731704356798070567525844996598917476803157260780028538760589558632766878171540458953514382464234321326889464182768467546703537516986049910576551282076245490090389328944075868508455133942304583236903222948165808559332123348274797826204144723168738177180919299881250404026184124858368.00000
05-10 17:57 nessai WARNING : NS integrator received non-monotonic logL.-179769313486231570814527423731704356798070567525844996598917476803157260780028538760589558632766878171540458953514382464234321326889464182768467546703537516986049910576551282076245490090389328944075868508455133942304583236903222948165808559332123348274797826204144723168738177180919299881250404026184124858368.00000 -> -179769313486231570814527423731704356798070567525844996598917476803157260780028538760589558632766878171540458953514382464234321326889464182768467546703537516986049910576551282076245490090389328944075868508455133942304583236903222948165808559332123348274797826204144723168738177180919299881250404026184124858368.00000
05-10 17:57 nessai WARNING : NS integrator received non-monotonic logL.-179769313486231570814527423731704356798070567525844996598917476803157260780028538760589558632766878171540458953514382464234321326889464182768467546703537516986049910576551282076245490090389328944075868508455133942304583236903222948165808559332123348274797826204144723168738177180919299881250404026184124858368.00000 -> -179769313486231570814527423731704356798070567525844996598917476803157260780028538760589558632766878171540458953514382464234321326889464182768467546703537516986049910576551282076245490090389328944075868508455133942304583236903222948165808559332123348274797826204144723168738177180919299881250404026184124858368.00000
05-10 17:57 nessai WARNING : NS integrator received non-monotonic logL.-179769313486231570814527423731704356798070567525844996598917476803157260780028538760589558632766878171540458953514382464234321326889464182768467546703537516986049910576551282076245490090389328944075868508455133942304583236903222948165808559332123348274797826204144723168738177180919299881250404026184124858368.00000 -> -179769313486231570814527423731704356798070567525844996598917476803157260780028538760589558632766878171540458953514382464234321326889464182768467546703537516986049910576551282076245490090389328944075868508455133942304583236903222948165808559332123348274797826204144723168738177180919299881250404026184124858368.00000
05-10 17:57 nessai WARNING : NS integrator received non-monotonic logL.-179769313486231570814527423731704356798070567525844996598917476803157260780028538760589558632766878171540458953514382464234321326889464182768467546703537516986049910576551282076245490090389328944075868508455133942304583236903222948165808559332123348274797826204144723168738177180919299881250404026184124858368.00000 -> -179769313486231570814527423731704356798070567525844996598917476803157260780028538760589558632766878171540458953514382464234321326889464182768467546703537516986049910576551282076245490090389328944075868508455133942304583236903222948165808559332123348274797826204144723168738177180919299881250404026184124858368.00000
05-10 17:57 nessai WARNING : NS integrator received non-monotonic logL.-179769313486231570814527423731704356798070567525844996598917476803157260780028538760589558632766878171540458953514382464234321326889464182768467546703537516986049910576551282076245490090389328944075868508455133942304583236903222948165808559332123348274797826204144723168738177180919299881250404026184124858368.00000 -> -179769313486231570814527423731704356798070567525844996598917476803157260780028538760589558632766878171540458953514382464234321326889464182768467546703537516986049910576551282076245490090389328944075868508455133942304583236903222948165808559332123348274797826204144723168738177180919299881250404026184124858368.00000
05-10 17:57 nessai WARNING : NS integrator received non-monotonic logL.-179769313486231570814527423731704356798070567525844996598917476803157260780028538760589558632766878171540458953514382464234321326889464182768467546703537516986049910576551282076245490090389328944075868508455133942304583236903222948165808559332123348274797826204144723168738177180919299881250404026184124858368.00000 -> -179769313486231570814527423731704356798070567525844996598917476803157260780028538760589558632766878171540458953514382464234321326889464182768467546703537516986049910576551282076245490090389328944075868508455133942304583236903222948165808559332123348274797826204144723168738177180919299881250404026184124858368.00000
05-10 17:57 nessai WARNING : NS integrator received non-monotonic logL.-179769313486231570814527423731704356798070567525844996598917476803157260780028538760589558632766878171540458953514382464234321326889464182768467546703537516986049910576551282076245490090389328944075868508455133942304583236903222948165808559332123348274797826204144723168738177180919299881250404026184124858368.00000 -> -179769313486231570814527423731704356798070567525844996598917476803157260780028538760589558632766878171540458953514382464234321326889464182768467546703537516986049910576551282076245490090389328944075868508455133942304583236903222948165808559332123348274797826204144723168738177180919299881250404026184124858368.00000
05-10 18:23 nessai INFO    : Checkpointing nested sampling
05-10 18:23 nessai INFO    : it:   729: n eval: 3000 H: nan dlogZ: 1751.484 logZ: -26981.640 +/- nan logLmax: -25229.43
05-10 18:23 nessai INFO    : it:  1000: Rolling KS test: D=0.018, p-value=0.5169
05-10 18:49 nessai INFO    : Checkpointing nested sampling
05-10 18:49 nessai INFO    : it:  1115: n eval: 4000 H: nan dlogZ: 865.984 logZ: -26096.140 +/- nan logLmax: -25229.04
05-10 19:15 nessai INFO    : Checkpointing nested sampling
05-10 19:15 nessai INFO    : it:  1414: n eval: 5000 H: nan dlogZ: 558.714 logZ: -25789.169 +/- nan logLmax: -25229.04
05-10 19:41 nessai INFO    : Checkpointing nested sampling
05-10 19:41 nessai INFO    : it:  1646: n eval: 6000 H: nan dlogZ: 397.566 logZ: -25628.253 +/- nan logLmax: -25229.04
05-10 20:25 nessai INFO    : Checkpointing nested sampling
05-10 20:25 nessai INFO    : it:  1839: n eval: 7000 H: nan dlogZ: 303.707 logZ: -25534.588 +/- nan logLmax: -25229.04
05-10 20:44 nessai INFO    : Checkpointing nested sampling
05-10 20:44 nessai INFO    : it:  1980: n eval: 8000 H: nan dlogZ: 256.190 logZ: -25487.212 +/- nan logLmax: -25229.04
05-10 20:44 nessai INFO    : it:  2000: Rolling KS test: D=0.018, p-value=0.5169
05-10 20:44 nessai INFO    : Switching to FlowProposal
05-10 21:30 nessai INFO    : Checkpointing nested sampling
05-10 21:30 nessai INFO    : it:  2001: n eval: 10156 H: nan dlogZ: 249.732 logZ: -25480.774 +/- nan logLmax: -25229.04
05-10 22:05 nessai INFO    : Checkpointing nested sampling
05-10 22:05 nessai INFO    : it:  2870: n eval: 11778 H: nan dlogZ: 115.833 logZ: -25343.898 +/- nan logLmax: -25225.20
05-10 22:05 nessai INFO    : it:  3000: Rolling KS test: D=0.03, p-value=0.162
05-10 22:40 nessai INFO    : Checkpointing nested sampling
05-10 22:40 nessai INFO    : it:  3535: n eval: 13401 H: nan dlogZ: 72.452 logZ: -25301.182 +/- nan logLmax: -25225.20
05-10 22:40 nessai INFO    : it:  4000: Rolling KS test: D=0.012, p-value=0.7438
05-10 23:17 nessai INFO    : Checkpointing nested sampling
05-10 23:17 nessai INFO    : it:  4101: n eval: 15154 H: nan dlogZ: 52.263 logZ: -25280.137 +/- nan logLmax: -25223.77
05-10 23:56 nessai INFO    : Checkpointing nested sampling
05-10 23:56 nessai INFO    : it:  4713: n eval: 16951 H: nan dlogZ: 39.184 logZ: -25266.019 +/- nan logLmax: -25222.12
05-10 23:56 nessai INFO    : it:  5000: Rolling KS test: D=0.034, p-value=0.09683
05-11 00:36 nessai INFO    : Checkpointing nested sampling
05-11 00:36 nessai INFO    : it:  5270: n eval: 18805 H: nan dlogZ: 30.346 logZ: -25257.244 +/- nan logLmax: -25221.63
05-11 01:23 nessai INFO    : Checkpointing nested sampling
05-11 01:23 nessai INFO    : it:  5711: n eval: 21035 H: nan dlogZ: 25.155 logZ: -25252.493 +/- nan logLmax: -25221.63
05-11 01:23 nessai INFO    : it:  6000: Rolling KS test: D=0.029, p-value=0.1825
05-11 02:04 nessai INFO    : Checkpointing nested sampling
05-11 02:04 nessai INFO    : it:  6322: n eval: 23080 H: nan dlogZ: 19.668 logZ: -25247.617 +/- nan logLmax: -25221.63
05-11 02:46 nessai INFO    : Checkpointing nested sampling
05-11 02:46 nessai INFO    : it:  6901: n eval: 25074 H: nan dlogZ: 17.307 logZ: -25244.444 +/- nan logLmax: -25220.24
05-11 02:46 nessai INFO    : it:  7000: Rolling KS test: D=0.004, p-value=0.9659
05-11 03:33 nessai INFO    : Checkpointing nested sampling
05-11 03:33 nessai INFO    : it:  7364: n eval: 27336 H: nan dlogZ: 14.921 logZ: -25242.521 +/- nan logLmax: -25220.24
05-11 04:23 nessai INFO    : Checkpointing nested sampling
05-11 04:23 nessai INFO    : it:  7837: n eval: 29850 H: nan dlogZ: 12.985 logZ: -25241.058 +/- nan logLmax: -25220.24
05-11 04:23 nessai INFO    : it:  8000: Rolling KS test: D=0.018, p-value=0.5169
05-11 05:08 nessai INFO    : Checkpointing nested sampling
05-11 05:08 nessai INFO    : it:  8452: n eval: 32075 H: nan dlogZ: 10.924 logZ: -25239.612 +/- nan logLmax: -25220.24
05-11 06:03 nessai INFO    : Checkpointing nested sampling
05-11 06:03 nessai INFO    : it:  8841: n eval: 34680 H: nan dlogZ: 9.824 logZ: -25238.901 +/- nan logLmax: -25220.24
05-11 06:03 nessai INFO    : it:  9000: Rolling KS test: D=0.029, p-value=0.1825
05-11 06:59 nessai INFO    : Checkpointing nested sampling
05-11 06:59 nessai INFO    : it:  9297: n eval: 37365 H: nan dlogZ: 8.675 logZ: -25238.178 +/- nan logLmax: -25220.21
05-11 07:47 nessai INFO    : Checkpointing nested sampling
05-11 07:47 nessai INFO    : it:  9881: n eval: 39626 H: nan dlogZ: 7.470 logZ: -25237.197 +/- nan logLmax: -25219.85
05-11 07:47 nessai INFO    : it: 10000: Rolling KS test: D=0.009, p-value=0.8454
05-11 08:32 nessai INFO    : Checkpointing nested sampling
05-11 08:32 nessai INFO    : it: 10451: n eval: 41692 H: nan dlogZ: 5.789 logZ: -25236.018 +/- nan logLmax: -25219.78
05-11 10:25 nessai INFO    : Checkpointing nested sampling
05-11 10:25 nessai INFO    : it: 10950: n eval: 43961 H: nan dlogZ: 4.669 logZ: -25235.168 +/- nan logLmax: -25219.56
05-11 10:25 nessai INFO    : it: 11000: Rolling KS test: D=0.039, p-value=0.0465
05-11 11:25 nessai INFO    : Checkpointing nested sampling
05-11 11:25 nessai INFO    : it: 11496: n eval: 46127 H: nan dlogZ: 3.457 logZ: -25234.464 +/- nan logLmax: -25219.54
05-11 11:25 nessai INFO    : it: 12000: Rolling KS test: D=0.002, p-value=0.9907
05-11 12:28 nessai INFO    : Checkpointing nested sampling
05-11 12:28 nessai INFO    : it: 12096: n eval: 48204 H: nan dlogZ: 2.346 logZ: -25233.884 +/- nan logLmax: -25219.54
05-11 13:26 nessai INFO    : Checkpointing nested sampling
05-11 13:26 nessai INFO    : it: 12706: n eval: 50167 H: nan dlogZ: 1.492 logZ: -25233.486 +/- nan logLmax: -25219.54
05-11 13:26 nessai INFO    : it: 13000: Rolling KS test: D=0.016, p-value=0.593
05-11 14:29 nessai INFO    : Checkpointing nested sampling
05-11 14:29 nessai INFO    : it: 13264: n eval: 52235 H: nan dlogZ: 0.942 logZ: -25233.241 +/- nan logLmax: -25219.53
05-11 15:46 nessai INFO    : Checkpointing nested sampling
05-11 15:46 nessai INFO    : it: 13759: n eval: 54463 H: nan dlogZ: 0.650 logZ: -25233.092 +/- nan logLmax: -25219.42
05-11 15:46 nessai INFO    : it: 14000: Rolling KS test: D=0.034, p-value=0.09683
05-11 17:14 nessai INFO    : Checkpointing nested sampling
05-11 17:14 nessai INFO    : it: 14278: n eval: 56636 H: nan dlogZ: 0.398 logZ: -25232.984 +/- nan logLmax: -25219.42
05-11 18:18 nessai INFO    : Checkpointing nested sampling
05-11 18:18 nessai INFO    : it: 14870: n eval: 58654 H: nan dlogZ: 0.223 logZ: -25232.902 +/- nan logLmax: -25219.42
05-11 18:18 nessai INFO    : it: 15000: Rolling KS test: D=0.03, p-value=0.162
05-11 19:12 nessai INFO    : Checkpointing nested sampling
05-11 19:12 nessai INFO    : it: 15447: n eval: 60602 H: nan dlogZ: 0.125 logZ: -25232.851 +/- nan logLmax: -25219.42
05-11 19:12 nessai INFO    : Stopping with dlogZ=0.100
05-11 19:12 nessai INFO    : Finalising
05-11 19:12 nessai INFO    : Final ln-evidence: -25232.768 +/- nan
05-11 19:12 nessai INFO    : Information: nan
05-11 19:12 nessai INFO    : Final KS test: D=0.008466, p-value=0.1052
05-11 19:12 nessai INFO    : Checkpointing nested sampling
05-11 19:12 nessai INFO    : Total sampling time: 1 day, 1:40:17.960360
05-11 19:12 nessai INFO    : Total training time: 0:00:13.335705
05-11 19:12 nessai INFO    : Total population time: 3:37:06.688360
05-11 19:12 nessai INFO    : Total likelihood evaluations: 60602
05-11 19:12 nessai INFO    : Time spent evaluating likelihood: 1 day, 2:03:48.240732
05-11 19:12 nessai INFO    : Total sampling time: 1 day, 1:40:17.960360
05-11 19:12 nessai INFO    : Total likelihood evaluations: 60602
05-11 19:12 nessai INFO    : Starting post processing
05-11 19:12 nessai INFO    : Computing posterior samples
05-11 19:12 nessai INFO    : Effective sample size: 5455.4
05-11 19:12 nessai INFO    : Producing posterior samples using rejection sampling
05-11 19:12 nessai INFO    : Expect 3762.889056296608 samples from rejection sampling
05-11 19:12 nessai INFO    : Returned 3804 posterior samples
05-11 19:12 nessai INFO    : Starting to close worker pool.
05-11 19:12 nessai INFO    : Finished closing worker pool.
